{"/home/mateus/Área de Trabalho/DRIVEN/Projetos/Fullstack/supermercash/back/Tests/Factories/User/CreateUserFactory.ts": {"path":"/home/mateus/Área de Trabalho/DRIVEN/Projetos/Fullstack/supermercash/back/Tests/Factories/User/CreateUserFactory.ts","statementMap":{"0":{"start":{"line":2,"column":0},"end":{"line":2,"column":40}},"1":{"start":{"line":3,"column":0},"end":{"line":3,"column":28}},"2":{"start":{"line":6,"column":19},"end":{"line":6,"column":38}},"3":{"start":{"line":7,"column":2},"end":{"line":12,"column":4}},"4":{"start":{"line":16,"column":13},"end":{"line":16,"column":35}},"5":{"start":{"line":17,"column":2},"end":{"line":17,"column":20}},"6":{"start":{"line":21,"column":15},"end":{"line":21,"column":17}},"7":{"start":{"line":22,"column":24},"end":{"line":22,"column":55}},"8":{"start":{"line":23,"column":2},"end":{"line":23,"column":23}},"9":{"start":{"line":41,"column":13},"end":{"line":45,"column":2}}},"fnMap":{"0":{"name":"CreateRandomUser","decl":{"start":{"line":5,"column":15},"end":{"line":5,"column":31}},"loc":{"start":{"line":5,"column":31},"end":{"line":13,"column":null}}},"1":{"name":"CreateRandomId","decl":{"start":{"line":15,"column":15},"end":{"line":15,"column":29}},"loc":{"start":{"line":15,"column":29},"end":{"line":18,"column":null}}},"2":{"name":"EncryptPassword","decl":{"start":{"line":20,"column":15},"end":{"line":20,"column":30}},"loc":{"start":{"line":20,"column":47},"end":{"line":24,"column":null}}}},"branchMap":{},"s":{"0":1,"1":1,"2":3,"3":3,"4":1,"5":1,"6":1,"7":1,"8":1,"9":1},"f":{"0":3,"1":1,"2":1},"b":{}}
,"/home/mateus/Área de Trabalho/DRIVEN/Projetos/Fullstack/supermercash/back/src/Database/Prisma.ts": {"path":"/home/mateus/Área de Trabalho/DRIVEN/Projetos/Fullstack/supermercash/back/src/Database/Prisma.ts","statementMap":{"0":{"start":{"line":1,"column":0},"end":{"line":1,"column":33}},"1":{"start":{"line":3,"column":25},"end":{"line":3,"column":28}},"2":{"start":{"line":4,"column":15},"end":{"line":4,"column":33}},"3":{"start":{"line":5,"column":0},"end":{"line":5,"column":22}}},"fnMap":{},"branchMap":{},"s":{"0":1,"1":1,"2":1,"3":1},"f":{},"b":{}}
,"/home/mateus/Área de Trabalho/DRIVEN/Projetos/Fullstack/supermercash/back/src/Repository/UserRepository.ts": {"path":"/home/mateus/Área de Trabalho/DRIVEN/Projetos/Fullstack/supermercash/back/src/Repository/UserRepository.ts","statementMap":{"0":{"start":{"line":1,"column":0},"end":{"line":1,"column":40}},"1":{"start":{"line":5,"column":2},"end":{"line":5,"column":44}},"2":{"start":{"line":4,"column":0},"end":{"line":4,"column":22}},"3":{"start":{"line":9,"column":2},"end":{"line":9,"column":60}},"4":{"start":{"line":8,"column":0},"end":{"line":8,"column":22}},"5":{"start":{"line":13,"column":2},"end":{"line":32,"column":5}},"6":{"start":{"line":12,"column":0},"end":{"line":12,"column":22}},"7":{"start":{"line":40,"column":2},"end":{"line":42,"column":5}},"8":{"start":{"line":35,"column":0},"end":{"line":35,"column":22}},"9":{"start":{"line":50,"column":2},"end":{"line":63,"column":5}},"10":{"start":{"line":45,"column":0},"end":{"line":45,"column":22}},"11":{"start":{"line":67,"column":2},"end":{"line":78,"column":5}},"12":{"start":{"line":66,"column":0},"end":{"line":66,"column":22}},"13":{"start":{"line":82,"column":2},"end":{"line":93,"column":5}},"14":{"start":{"line":81,"column":0},"end":{"line":81,"column":22}},"15":{"start":{"line":97,"column":2},"end":{"line":108,"column":5}},"16":{"start":{"line":96,"column":0},"end":{"line":96,"column":22}}},"fnMap":{"0":{"name":"insertUser","decl":{"start":{"line":4,"column":22},"end":{"line":4,"column":32}},"loc":{"start":{"line":4,"column":52},"end":{"line":6,"column":null}}},"1":{"name":"getUserByEmail","decl":{"start":{"line":8,"column":22},"end":{"line":8,"column":36}},"loc":{"start":{"line":8,"column":50},"end":{"line":10,"column":null}}},"2":{"name":"getUserById","decl":{"start":{"line":12,"column":22},"end":{"line":12,"column":33}},"loc":{"start":{"line":12,"column":48},"end":{"line":33,"column":null}}},"3":{"name":"loginUser","decl":{"start":{"line":35,"column":22},"end":{"line":35,"column":31}},"loc":{"start":{"line":38,"column":16},"end":{"line":43,"column":null}}},"4":{"name":"updateUserInfo","decl":{"start":{"line":45,"column":22},"end":{"line":45,"column":36}},"loc":{"start":{"line":48,"column":16},"end":{"line":64,"column":null}}},"5":{"name":"updateUserImage","decl":{"start":{"line":66,"column":22},"end":{"line":66,"column":37}},"loc":{"start":{"line":66,"column":70},"end":{"line":79,"column":null}}},"6":{"name":"updateUserAdress","decl":{"start":{"line":81,"column":22},"end":{"line":81,"column":38}},"loc":{"start":{"line":81,"column":69},"end":{"line":94,"column":null}}},"7":{"name":"updateUserPhone","decl":{"start":{"line":96,"column":22},"end":{"line":96,"column":37}},"loc":{"start":{"line":96,"column":67},"end":{"line":109,"column":null}}}},"branchMap":{},"s":{"0":1,"1":0,"2":1,"3":0,"4":1,"5":0,"6":1,"7":0,"8":1,"9":0,"10":1,"11":0,"12":1,"13":0,"14":1,"15":0,"16":1},"f":{"0":0,"1":0,"2":0,"3":0,"4":0,"5":0,"6":0,"7":0},"b":{}}
,"/home/mateus/Área de Trabalho/DRIVEN/Projetos/Fullstack/supermercash/back/src/Service/UserService.ts": {"path":"/home/mateus/Área de Trabalho/DRIVEN/Projetos/Fullstack/supermercash/back/src/Service/UserService.ts","statementMap":{"0":{"start":{"line":2,"column":0},"end":{"line":2,"column":63}},"1":{"start":{"line":5,"column":0},"end":{"line":5,"column":28}},"2":{"start":{"line":6,"column":0},"end":{"line":6,"column":31}},"3":{"start":{"line":12,"column":0},"end":{"line":12,"column":71}},"4":{"start":{"line":18,"column":2},"end":{"line":18,"column":43}},"5":{"start":{"line":19,"column":28},"end":{"line":19,"column":58}},"6":{"start":{"line":21,"column":2},"end":{"line":21,"column":30}},"7":{"start":{"line":22,"column":2},"end":{"line":22,"column":61}},"8":{"start":{"line":16,"column":0},"end":{"line":16,"column":22}},"9":{"start":{"line":27,"column":15},"end":{"line":27,"column":54}},"10":{"start":{"line":28,"column":2},"end":{"line":28,"column":53}},"11":{"start":{"line":29,"column":16},"end":{"line":29,"column":38}},"12":{"start":{"line":30,"column":23},"end":{"line":30,"column":52}},"13":{"start":{"line":31,"column":2},"end":{"line":31,"column":63}},"14":{"start":{"line":32,"column":2},"end":{"line":32,"column":19}},"15":{"start":{"line":25,"column":0},"end":{"line":25,"column":22}},"16":{"start":{"line":36,"column":15},"end":{"line":36,"column":48}},"17":{"start":{"line":37,"column":2},"end":{"line":43,"column":4}},"18":{"start":{"line":35,"column":0},"end":{"line":35,"column":22}},"19":{"start":{"line":47,"column":2},"end":{"line":47,"column":40}},"20":{"start":{"line":51,"column":2},"end":{"line":51,"column":36}},"21":{"start":{"line":52,"column":2},"end":{"line":52,"column":40}},"22":{"start":{"line":50,"column":0},"end":{"line":50,"column":22}},"23":{"start":{"line":56,"column":2},"end":{"line":56,"column":36}},"24":{"start":{"line":57,"column":2},"end":{"line":57,"column":57}},"25":{"start":{"line":55,"column":0},"end":{"line":55,"column":22}},"26":{"start":{"line":63,"column":15},"end":{"line":63,"column":57}},"27":{"start":{"line":64,"column":2},"end":{"line":66,"column":null}},"28":{"start":{"line":65,"column":4},"end":{"line":65,"column":56}},"29":{"start":{"line":67,"column":2},"end":{"line":69,"column":null}},"30":{"start":{"line":68,"column":4},"end":{"line":68,"column":42}},"31":{"start":{"line":70,"column":2},"end":{"line":70,"column":14}},"32":{"start":{"line":74,"column":15},"end":{"line":74,"column":55}},"33":{"start":{"line":75,"column":2},"end":{"line":77,"column":null}},"34":{"start":{"line":76,"column":4},"end":{"line":76,"column":42}},"35":{"start":{"line":78,"column":2},"end":{"line":78,"column":14}},"36":{"start":{"line":73,"column":0},"end":{"line":73,"column":22}},"37":{"start":{"line":85,"column":25},"end":{"line":85,"column":72}},"38":{"start":{"line":86,"column":2},"end":{"line":88,"column":null}},"39":{"start":{"line":87,"column":4},"end":{"line":87,"column":62}},"40":{"start":{"line":81,"column":0},"end":{"line":81,"column":22}},"41":{"start":{"line":92,"column":2},"end":{"line":92,"column":69}},"42":{"start":{"line":93,"column":2},"end":{"line":93,"column":61}},"43":{"start":{"line":94,"column":2},"end":{"line":94,"column":59}},"44":{"start":{"line":100,"column":15},"end":{"line":100,"column":17}},"45":{"start":{"line":101,"column":24},"end":{"line":101,"column":55}},"46":{"start":{"line":102,"column":2},"end":{"line":102,"column":23}},"47":{"start":{"line":106,"column":27},"end":{"line":106,"column":63}},"48":{"start":{"line":107,"column":25},"end":{"line":107,"column":59}},"49":{"start":{"line":108,"column":16},"end":{"line":113,"column":null}},"50":{"start":{"line":115,"column":2},"end":{"line":115,"column":15}},"51":{"start":{"line":105,"column":0},"end":{"line":105,"column":16}},"52":{"start":{"line":118,"column":29},"end":{"line":118,"column":67}},"53":{"start":{"line":119,"column":27},"end":{"line":119,"column":63}},"54":{"start":{"line":120,"column":16},"end":{"line":122,"column":4}},"55":{"start":{"line":123,"column":2},"end":{"line":123,"column":15}},"56":{"start":{"line":117,"column":0},"end":{"line":117,"column":16}}},"fnMap":{"0":{"name":"registerUser","decl":{"start":{"line":16,"column":22},"end":{"line":16,"column":34}},"loc":{"start":{"line":16,"column":54},"end":{"line":23,"column":null}}},"1":{"name":"loginUser","decl":{"start":{"line":25,"column":22},"end":{"line":25,"column":31}},"loc":{"start":{"line":25,"column":48},"end":{"line":33,"column":null}}},"2":{"name":"GetUserInfos","decl":{"start":{"line":35,"column":22},"end":{"line":35,"column":34}},"loc":{"start":{"line":35,"column":49},"end":{"line":44,"column":null}}},"3":{"name":"createUser","decl":{"start":{"line":46,"column":15},"end":{"line":46,"column":25}},"loc":{"start":{"line":46,"column":45},"end":{"line":48,"column":null}}},"4":{"name":"updateUserInfo","decl":{"start":{"line":50,"column":22},"end":{"line":50,"column":36}},"loc":{"start":{"line":50,"column":70},"end":{"line":53,"column":null}}},"5":{"name":"updateUserImage","decl":{"start":{"line":55,"column":22},"end":{"line":55,"column":37}},"loc":{"start":{"line":55,"column":70},"end":{"line":58,"column":null}}},"6":{"name":"verifyUserExist","decl":{"start":{"line":62,"column":15},"end":{"line":62,"column":30}},"loc":{"start":{"line":62,"column":66},"end":{"line":71,"column":null}}},"7":{"name":"verifyUserExistById","decl":{"start":{"line":73,"column":22},"end":{"line":73,"column":41}},"loc":{"start":{"line":73,"column":56},"end":{"line":79,"column":null}}},"8":{"name":"verifyPassword","decl":{"start":{"line":81,"column":22},"end":{"line":81,"column":36}},"loc":{"start":{"line":83,"column":27},"end":{"line":89,"column":null}}},"9":{"name":"updateAllUserInfo","decl":{"start":{"line":91,"column":15},"end":{"line":91,"column":32}},"loc":{"start":{"line":91,"column":66},"end":{"line":95,"column":null}}},"10":{"name":"encryptPassword","decl":{"start":{"line":99,"column":9},"end":{"line":99,"column":24}},"loc":{"start":{"line":99,"column":41},"end":{"line":103,"column":1}}},"11":{"name":"generateToken","decl":{"start":{"line":105,"column":16},"end":{"line":105,"column":29}},"loc":{"start":{"line":105,"column":40},"end":{"line":116,"column":1}}},"12":{"name":"generateRefreshToken","decl":{"start":{"line":117,"column":16},"end":{"line":117,"column":36}},"loc":{"start":{"line":117,"column":51},"end":{"line":124,"column":1}}}},"branchMap":{"0":{"loc":{"start":{"line":38,"column":10},"end":{"line":38,"column":25}},"type":"cond-expr","locations":[{"start":{"line":38,"column":19},"end":{"line":38,"column":23}},{"start":{"line":38,"column":23},"end":{"line":38,"column":25}}]},"1":{"loc":{"start":{"line":38,"column":10},"end":{"line":38,"column":23}},"type":"binary-expr","locations":[{"start":{"line":38,"column":10},"end":{"line":38,"column":23}},{"start":{"line":38,"column":19},"end":{"line":38,"column":23}}]},"2":{"loc":{"start":{"line":39,"column":11},"end":{"line":39,"column":27}},"type":"cond-expr","locations":[{"start":{"line":39,"column":21},"end":{"line":39,"column":25}},{"start":{"line":39,"column":25},"end":{"line":39,"column":27}}]},"3":{"loc":{"start":{"line":39,"column":11},"end":{"line":39,"column":25}},"type":"binary-expr","locations":[{"start":{"line":39,"column":11},"end":{"line":39,"column":25}},{"start":{"line":39,"column":21},"end":{"line":39,"column":25}}]},"4":{"loc":{"start":{"line":40,"column":11},"end":{"line":40,"column":32}},"type":"cond-expr","locations":[{"start":{"line":40,"column":26},"end":{"line":40,"column":30}},{"start":{"line":40,"column":30},"end":{"line":40,"column":32}}]},"5":{"loc":{"start":{"line":40,"column":11},"end":{"line":40,"column":30}},"type":"binary-expr","locations":[{"start":{"line":40,"column":11},"end":{"line":40,"column":30}},{"start":{"line":40,"column":26},"end":{"line":40,"column":30}}]},"6":{"loc":{"start":{"line":41,"column":12},"end":{"line":41,"column":33}},"type":"cond-expr","locations":[{"start":{"line":41,"column":27},"end":{"line":41,"column":31}},{"start":{"line":41,"column":31},"end":{"line":41,"column":33}}]},"7":{"loc":{"start":{"line":41,"column":12},"end":{"line":41,"column":31}},"type":"binary-expr","locations":[{"start":{"line":41,"column":12},"end":{"line":41,"column":31}},{"start":{"line":41,"column":27},"end":{"line":41,"column":31}}]},"8":{"loc":{"start":{"line":42,"column":11},"end":{"line":42,"column":32}},"type":"cond-expr","locations":[{"start":{"line":42,"column":26},"end":{"line":42,"column":30}},{"start":{"line":42,"column":30},"end":{"line":42,"column":32}}]},"9":{"loc":{"start":{"line":42,"column":11},"end":{"line":42,"column":30}},"type":"binary-expr","locations":[{"start":{"line":42,"column":11},"end":{"line":42,"column":30}},{"start":{"line":42,"column":26},"end":{"line":42,"column":30}}]},"10":{"loc":{"start":{"line":64,"column":2},"end":{"line":66,"column":null}},"type":"if","locations":[{"start":{"line":64,"column":2},"end":{"line":66,"column":null}}]},"11":{"loc":{"start":{"line":64,"column":6},"end":{"line":64,"column":35}},"type":"binary-expr","locations":[{"start":{"line":64,"column":6},"end":{"line":64,"column":10}},{"start":{"line":64,"column":14},"end":{"line":64,"column":35}}]},"12":{"loc":{"start":{"line":67,"column":2},"end":{"line":69,"column":null}},"type":"if","locations":[{"start":{"line":67,"column":2},"end":{"line":69,"column":null}}]},"13":{"loc":{"start":{"line":67,"column":6},"end":{"line":67,"column":35}},"type":"binary-expr","locations":[{"start":{"line":67,"column":6},"end":{"line":67,"column":11}},{"start":{"line":67,"column":15},"end":{"line":67,"column":35}}]},"14":{"loc":{"start":{"line":75,"column":2},"end":{"line":77,"column":null}},"type":"if","locations":[{"start":{"line":75,"column":2},"end":{"line":77,"column":null}}]},"15":{"loc":{"start":{"line":86,"column":2},"end":{"line":88,"column":null}},"type":"if","locations":[{"start":{"line":86,"column":2},"end":{"line":88,"column":null}}]}},"s":{"0":1,"1":1,"2":1,"3":1,"4":1,"5":1,"6":1,"7":1,"8":1,"9":1,"10":1,"11":1,"12":1,"13":1,"14":1,"15":1,"16":1,"17":1,"18":1,"19":1,"20":0,"21":0,"22":1,"23":0,"24":0,"25":1,"26":2,"27":2,"28":0,"29":2,"30":0,"31":2,"32":1,"33":1,"34":0,"35":1,"36":1,"37":1,"38":1,"39":0,"40":1,"41":0,"42":0,"43":0,"44":1,"45":1,"46":1,"47":1,"48":1,"49":1,"50":1,"51":1,"52":1,"53":1,"54":1,"55":1,"56":1},"f":{"0":1,"1":1,"2":1,"3":1,"4":0,"5":0,"6":2,"7":1,"8":1,"9":0,"10":1,"11":1,"12":1},"b":{"0":[1,0],"1":[1,1],"2":[1,0],"3":[1,1],"4":[0,1],"5":[1,1],"6":[0,1],"7":[1,1],"8":[0,1],"9":[1,1],"10":[0],"11":[2,1],"12":[0],"13":[2,1],"14":[0],"15":[0]}}
,"/home/mateus/Área de Trabalho/DRIVEN/Projetos/Fullstack/supermercash/back/src/Utils/ErrorUtils.ts": {"path":"/home/mateus/Área de Trabalho/DRIVEN/Projetos/Fullstack/supermercash/back/src/Utils/ErrorUtils.ts","statementMap":{"0":{"start":{"line":4,"column":2},"end":{"line":4,"column":48}},"1":{"start":{"line":3,"column":0},"end":{"line":3,"column":16}},"2":{"start":{"line":8,"column":2},"end":{"line":8,"column":38}},"3":{"start":{"line":8,"column":27},"end":{"line":8,"column":38}},"4":{"start":{"line":9,"column":2},"end":{"line":9,"column":39}},"5":{"start":{"line":9,"column":28},"end":{"line":9,"column":39}},"6":{"start":{"line":10,"column":2},"end":{"line":10,"column":42}},"7":{"start":{"line":10,"column":31},"end":{"line":10,"column":42}},"8":{"start":{"line":11,"column":2},"end":{"line":11,"column":42}},"9":{"start":{"line":11,"column":31},"end":{"line":11,"column":42}},"10":{"start":{"line":12,"column":2},"end":{"line":12,"column":13}},"11":{"start":{"line":7,"column":0},"end":{"line":7,"column":16}},"12":{"start":{"line":16,"column":2},"end":{"line":16,"column":54}},"13":{"start":{"line":15,"column":0},"end":{"line":15,"column":16}},"14":{"start":{"line":20,"column":2},"end":{"line":20,"column":55}},"15":{"start":{"line":19,"column":0},"end":{"line":19,"column":16}},"16":{"start":{"line":24,"column":2},"end":{"line":24,"column":58}},"17":{"start":{"line":23,"column":0},"end":{"line":23,"column":16}},"18":{"start":{"line":28,"column":2},"end":{"line":28,"column":58}},"19":{"start":{"line":27,"column":0},"end":{"line":27,"column":16}}},"fnMap":{"0":{"name":"isAppError","decl":{"start":{"line":3,"column":16},"end":{"line":3,"column":26}},"loc":{"start":{"line":3,"column":40},"end":{"line":5,"column":1}}},"1":{"name":"errorTypeToStatusCode","decl":{"start":{"line":7,"column":16},"end":{"line":7,"column":37}},"loc":{"start":{"line":7,"column":57},"end":{"line":13,"column":1}}},"2":{"name":"conflictError","decl":{"start":{"line":15,"column":16},"end":{"line":15,"column":29}},"loc":{"start":{"line":15,"column":46},"end":{"line":17,"column":1}}},"3":{"name":"notFoundError","decl":{"start":{"line":19,"column":16},"end":{"line":19,"column":29}},"loc":{"start":{"line":19,"column":46},"end":{"line":21,"column":1}}},"4":{"name":"unauthorizedError","decl":{"start":{"line":23,"column":16},"end":{"line":23,"column":33}},"loc":{"start":{"line":23,"column":50},"end":{"line":25,"column":1}}},"5":{"name":"wrongSchemaError","decl":{"start":{"line":27,"column":16},"end":{"line":27,"column":32}},"loc":{"start":{"line":27,"column":49},"end":{"line":29,"column":1}}}},"branchMap":{"0":{"loc":{"start":{"line":8,"column":2},"end":{"line":8,"column":38}},"type":"if","locations":[{"start":{"line":8,"column":2},"end":{"line":8,"column":38}}]},"1":{"loc":{"start":{"line":9,"column":2},"end":{"line":9,"column":39}},"type":"if","locations":[{"start":{"line":9,"column":2},"end":{"line":9,"column":39}}]},"2":{"loc":{"start":{"line":10,"column":2},"end":{"line":10,"column":42}},"type":"if","locations":[{"start":{"line":10,"column":2},"end":{"line":10,"column":42}}]},"3":{"loc":{"start":{"line":11,"column":2},"end":{"line":11,"column":42}},"type":"if","locations":[{"start":{"line":11,"column":2},"end":{"line":11,"column":42}}]},"4":{"loc":{"start":{"line":16,"column":38},"end":{"line":16,"column":51}},"type":"cond-expr","locations":[{"start":{"line":16,"column":38},"end":{"line":16,"column":45}},{"start":{"line":16,"column":49},"end":{"line":16,"column":51}}]},"5":{"loc":{"start":{"line":16,"column":38},"end":{"line":16,"column":49}},"type":"binary-expr","locations":[{"start":{"line":16,"column":38},"end":{"line":16,"column":49}},{"start":{"line":16,"column":38},"end":{"line":16,"column":49}}]},"6":{"loc":{"start":{"line":20,"column":39},"end":{"line":20,"column":52}},"type":"cond-expr","locations":[{"start":{"line":20,"column":39},"end":{"line":20,"column":46}},{"start":{"line":20,"column":50},"end":{"line":20,"column":52}}]},"7":{"loc":{"start":{"line":20,"column":39},"end":{"line":20,"column":50}},"type":"binary-expr","locations":[{"start":{"line":20,"column":39},"end":{"line":20,"column":50}},{"start":{"line":20,"column":39},"end":{"line":20,"column":50}}]},"8":{"loc":{"start":{"line":24,"column":42},"end":{"line":24,"column":55}},"type":"cond-expr","locations":[{"start":{"line":24,"column":42},"end":{"line":24,"column":49}},{"start":{"line":24,"column":53},"end":{"line":24,"column":55}}]},"9":{"loc":{"start":{"line":24,"column":42},"end":{"line":24,"column":53}},"type":"binary-expr","locations":[{"start":{"line":24,"column":42},"end":{"line":24,"column":53}},{"start":{"line":24,"column":42},"end":{"line":24,"column":53}}]},"10":{"loc":{"start":{"line":28,"column":42},"end":{"line":28,"column":55}},"type":"cond-expr","locations":[{"start":{"line":28,"column":42},"end":{"line":28,"column":49}},{"start":{"line":28,"column":53},"end":{"line":28,"column":55}}]},"11":{"loc":{"start":{"line":28,"column":42},"end":{"line":28,"column":53}},"type":"binary-expr","locations":[{"start":{"line":28,"column":42},"end":{"line":28,"column":53}},{"start":{"line":28,"column":42},"end":{"line":28,"column":53}}]}},"s":{"0":0,"1":1,"2":0,"3":0,"4":0,"5":0,"6":0,"7":0,"8":0,"9":0,"10":0,"11":1,"12":0,"13":1,"14":0,"15":1,"16":0,"17":1,"18":0,"19":1},"f":{"0":0,"1":0,"2":0,"3":0,"4":0,"5":0},"b":{"0":[0],"1":[0],"2":[0],"3":[0],"4":[0,0],"5":[0,0],"6":[0,0],"7":[0,0],"8":[0,0],"9":[0,0],"10":[0,0],"11":[0,0]}}
}
