{"/home/mateus/Área de Trabalho/DRIVEN/Projetos/Fullstack/supermercash/back/Tests/Factories/Delete/DeleteFactories.ts": {"path":"/home/mateus/Área de Trabalho/DRIVEN/Projetos/Fullstack/supermercash/back/Tests/Factories/Delete/DeleteFactories.ts","statementMap":{"0":{"start":{"line":1,"column":0},"end":{"line":1,"column":50}},"1":{"start":{"line":4,"column":2},"end":{"line":7,"column":5}},"2":{"start":{"line":10,"column":13},"end":{"line":12,"column":2}}},"fnMap":{"0":{"name":"deleteAllData","decl":{"start":{"line":3,"column":15},"end":{"line":3,"column":28}},"loc":{"start":{"line":3,"column":28},"end":{"line":8,"column":null}}}},"branchMap":{},"s":{"0":1,"1":3,"2":1},"f":{"0":3},"b":{}}
,"/home/mateus/Área de Trabalho/DRIVEN/Projetos/Fullstack/supermercash/back/Tests/Factories/User/CreateUserFactory.ts": {"path":"/home/mateus/Área de Trabalho/DRIVEN/Projetos/Fullstack/supermercash/back/Tests/Factories/User/CreateUserFactory.ts","statementMap":{"0":{"start":{"line":2,"column":0},"end":{"line":2,"column":40}},"1":{"start":{"line":3,"column":0},"end":{"line":3,"column":28}},"2":{"start":{"line":6,"column":19},"end":{"line":6,"column":38}},"3":{"start":{"line":7,"column":2},"end":{"line":12,"column":4}},"4":{"start":{"line":16,"column":2},"end":{"line":21,"column":4}},"5":{"start":{"line":25,"column":2},"end":{"line":25,"column":36}},"6":{"start":{"line":29,"column":13},"end":{"line":29,"column":35}},"7":{"start":{"line":30,"column":2},"end":{"line":30,"column":20}},"8":{"start":{"line":34,"column":15},"end":{"line":34,"column":17}},"9":{"start":{"line":35,"column":24},"end":{"line":35,"column":55}},"10":{"start":{"line":36,"column":2},"end":{"line":36,"column":23}},"11":{"start":{"line":39,"column":13},"end":{"line":45,"column":2}}},"fnMap":{"0":{"name":"CreateRandomUser","decl":{"start":{"line":5,"column":15},"end":{"line":5,"column":31}},"loc":{"start":{"line":5,"column":31},"end":{"line":13,"column":null}}},"1":{"name":"CreateRandomUserInfos","decl":{"start":{"line":15,"column":15},"end":{"line":15,"column":36}},"loc":{"start":{"line":15,"column":36},"end":{"line":22,"column":null}}},"2":{"name":"CreateUrlImage","decl":{"start":{"line":24,"column":15},"end":{"line":24,"column":29}},"loc":{"start":{"line":24,"column":29},"end":{"line":26,"column":null}}},"3":{"name":"CreateRandomId","decl":{"start":{"line":28,"column":15},"end":{"line":28,"column":29}},"loc":{"start":{"line":28,"column":29},"end":{"line":31,"column":null}}},"4":{"name":"EncryptPassword","decl":{"start":{"line":33,"column":15},"end":{"line":33,"column":30}},"loc":{"start":{"line":33,"column":47},"end":{"line":37,"column":null}}}},"branchMap":{},"s":{"0":1,"1":1,"2":2,"3":2,"4":0,"5":0,"6":0,"7":0,"8":0,"9":0,"10":0,"11":1},"f":{"0":2,"1":0,"2":0,"3":0,"4":0},"b":{}}
,"/home/mateus/Área de Trabalho/DRIVEN/Projetos/Fullstack/supermercash/back/src/Index.ts": {"path":"/home/mateus/Área de Trabalho/DRIVEN/Projetos/Fullstack/supermercash/back/src/Index.ts","statementMap":{"0":{"start":{"line":1,"column":0},"end":{"line":1,"column":30}},"1":{"start":{"line":2,"column":0},"end":{"line":2,"column":24}},"2":{"start":{"line":3,"column":0},"end":{"line":3,"column":30}},"3":{"start":{"line":4,"column":0},"end":{"line":4,"column":78}},"4":{"start":{"line":5,"column":0},"end":{"line":5,"column":37}},"5":{"start":{"line":7,"column":15},"end":{"line":7,"column":24}},"6":{"start":{"line":8,"column":0},"end":{"line":8,"column":27}},"7":{"start":{"line":9,"column":0},"end":{"line":9,"column":19}},"8":{"start":{"line":10,"column":0},"end":{"line":10,"column":19}},"9":{"start":{"line":11,"column":0},"end":{"line":11,"column":35}},"10":{"start":{"line":13,"column":0},"end":{"line":13,"column":22}}},"fnMap":{},"branchMap":{},"s":{"0":1,"1":1,"2":1,"3":1,"4":1,"5":1,"6":1,"7":1,"8":1,"9":1,"10":1},"f":{},"b":{}}
,"/home/mateus/Área de Trabalho/DRIVEN/Projetos/Fullstack/supermercash/back/src/Controller/CartController.ts": {"path":"/home/mateus/Área de Trabalho/DRIVEN/Projetos/Fullstack/supermercash/back/src/Controller/CartController.ts","statementMap":{"0":{"start":{"line":1,"column":0},"end":{"line":1,"column":54}},"1":{"start":{"line":5,"column":25},"end":{"line":5,"column":42}},"2":{"start":{"line":6,"column":24},"end":{"line":6,"column":66}},"3":{"start":{"line":7,"column":2},"end":{"line":7,"column":38}},"4":{"start":{"line":4,"column":0},"end":{"line":4,"column":22}},"5":{"start":{"line":11,"column":25},"end":{"line":11,"column":42}},"6":{"start":{"line":12,"column":31},"end":{"line":13,"column":null}},"7":{"start":{"line":15,"column":2},"end":{"line":15,"column":59}},"8":{"start":{"line":10,"column":0},"end":{"line":10,"column":22}}},"fnMap":{"0":{"name":"GetCartValue","decl":{"start":{"line":4,"column":22},"end":{"line":4,"column":34}},"loc":{"start":{"line":4,"column":62},"end":{"line":8,"column":null}}},"1":{"name":"GetCartQuantifyProducts","decl":{"start":{"line":10,"column":22},"end":{"line":10,"column":45}},"loc":{"start":{"line":10,"column":73},"end":{"line":16,"column":null}}}},"branchMap":{},"s":{"0":1,"1":0,"2":0,"3":0,"4":1,"5":0,"6":0,"7":0,"8":1},"f":{"0":0,"1":0},"b":{}}
,"/home/mateus/Área de Trabalho/DRIVEN/Projetos/Fullstack/supermercash/back/src/Controller/PaymentController.ts": {"path":"/home/mateus/Área de Trabalho/DRIVEN/Projetos/Fullstack/supermercash/back/src/Controller/PaymentController.ts","statementMap":{"0":{"start":{"line":1,"column":0},"end":{"line":1,"column":60}},"1":{"start":{"line":6,"column":25},"end":{"line":6,"column":33}},"2":{"start":{"line":7,"column":25},"end":{"line":7,"column":42}},"3":{"start":{"line":8,"column":2},"end":{"line":8,"column":49}},"4":{"start":{"line":9,"column":2},"end":{"line":9,"column":22}},"5":{"start":{"line":5,"column":0},"end":{"line":5,"column":22}}},"fnMap":{"0":{"name":"CreatePayment","decl":{"start":{"line":5,"column":22},"end":{"line":5,"column":35}},"loc":{"start":{"line":5,"column":63},"end":{"line":10,"column":null}}}},"branchMap":{},"s":{"0":1,"1":0,"2":0,"3":0,"4":0,"5":1},"f":{"0":0},"b":{}}
,"/home/mateus/Área de Trabalho/DRIVEN/Projetos/Fullstack/supermercash/back/src/Controller/ProductsController.ts": {"path":"/home/mateus/Área de Trabalho/DRIVEN/Projetos/Fullstack/supermercash/back/src/Controller/ProductsController.ts","statementMap":{"0":{"start":{"line":1,"column":0},"end":{"line":1,"column":62}},"1":{"start":{"line":5,"column":19},"end":{"line":5,"column":57}},"2":{"start":{"line":6,"column":2},"end":{"line":6,"column":33}},"3":{"start":{"line":4,"column":0},"end":{"line":4,"column":22}},"4":{"start":{"line":10,"column":21},"end":{"line":10,"column":34}},"5":{"start":{"line":11,"column":18},"end":{"line":11,"column":62}},"6":{"start":{"line":12,"column":2},"end":{"line":12,"column":35}},"7":{"start":{"line":9,"column":0},"end":{"line":9,"column":22}},"8":{"start":{"line":16,"column":23},"end":{"line":16,"column":41}},"9":{"start":{"line":17,"column":19},"end":{"line":17,"column":68}},"10":{"start":{"line":18,"column":2},"end":{"line":18,"column":33}},"11":{"start":{"line":15,"column":0},"end":{"line":15,"column":22}},"12":{"start":{"line":22,"column":33},"end":{"line":22,"column":41}},"13":{"start":{"line":23,"column":25},"end":{"line":23,"column":42}},"14":{"start":{"line":24,"column":2},"end":{"line":24,"column":54}},"15":{"start":{"line":25,"column":2},"end":{"line":25,"column":22}},"16":{"start":{"line":21,"column":0},"end":{"line":21,"column":22}},"17":{"start":{"line":29,"column":23},"end":{"line":29,"column":41}},"18":{"start":{"line":30,"column":25},"end":{"line":30,"column":42}},"19":{"start":{"line":31,"column":2},"end":{"line":31,"column":55}},"20":{"start":{"line":32,"column":2},"end":{"line":32,"column":22}},"21":{"start":{"line":28,"column":0},"end":{"line":28,"column":22}},"22":{"start":{"line":36,"column":25},"end":{"line":36,"column":42}},"23":{"start":{"line":37,"column":2},"end":{"line":37,"column":50}},"24":{"start":{"line":38,"column":2},"end":{"line":38,"column":22}},"25":{"start":{"line":35,"column":0},"end":{"line":35,"column":22}},"26":{"start":{"line":42,"column":23},"end":{"line":42,"column":41}},"27":{"start":{"line":43,"column":25},"end":{"line":43,"column":42}},"28":{"start":{"line":44,"column":19},"end":{"line":44,"column":75}},"29":{"start":{"line":45,"column":2},"end":{"line":45,"column":33}},"30":{"start":{"line":41,"column":0},"end":{"line":41,"column":22}},"31":{"start":{"line":52,"column":25},"end":{"line":52,"column":42}},"32":{"start":{"line":53,"column":19},"end":{"line":53,"column":77}},"33":{"start":{"line":54,"column":2},"end":{"line":54,"column":33}},"34":{"start":{"line":48,"column":0},"end":{"line":48,"column":22}}},"fnMap":{"0":{"name":"GetAllProducts","decl":{"start":{"line":4,"column":22},"end":{"line":4,"column":36}},"loc":{"start":{"line":4,"column":64},"end":{"line":7,"column":null}}},"1":{"name":"getOneProductById","decl":{"start":{"line":9,"column":22},"end":{"line":9,"column":39}},"loc":{"start":{"line":9,"column":67},"end":{"line":13,"column":null}}},"2":{"name":"getListProducts","decl":{"start":{"line":15,"column":22},"end":{"line":15,"column":37}},"loc":{"start":{"line":15,"column":65},"end":{"line":19,"column":null}}},"3":{"name":"AddProduct","decl":{"start":{"line":21,"column":22},"end":{"line":21,"column":32}},"loc":{"start":{"line":21,"column":60},"end":{"line":26,"column":null}}},"4":{"name":"RemoveOneProduct","decl":{"start":{"line":28,"column":22},"end":{"line":28,"column":38}},"loc":{"start":{"line":28,"column":66},"end":{"line":33,"column":null}}},"5":{"name":"RemoveAllProducts","decl":{"start":{"line":35,"column":22},"end":{"line":35,"column":39}},"loc":{"start":{"line":35,"column":67},"end":{"line":39,"column":null}}},"6":{"name":"getQuantifyByProduct","decl":{"start":{"line":41,"column":22},"end":{"line":41,"column":42}},"loc":{"start":{"line":41,"column":70},"end":{"line":46,"column":null}}},"7":{"name":"GetQuantifyProductisHistoric","decl":{"start":{"line":48,"column":22},"end":{"line":48,"column":50}},"loc":{"start":{"line":50,"column":15},"end":{"line":55,"column":null}}}},"branchMap":{},"s":{"0":1,"1":0,"2":0,"3":1,"4":0,"5":0,"6":0,"7":1,"8":0,"9":0,"10":0,"11":1,"12":0,"13":0,"14":0,"15":0,"16":1,"17":0,"18":0,"19":0,"20":0,"21":1,"22":0,"23":0,"24":0,"25":1,"26":0,"27":0,"28":0,"29":0,"30":1,"31":0,"32":0,"33":0,"34":1},"f":{"0":0,"1":0,"2":0,"3":0,"4":0,"5":0,"6":0,"7":0},"b":{}}
,"/home/mateus/Área de Trabalho/DRIVEN/Projetos/Fullstack/supermercash/back/src/Controller/UserController.ts": {"path":"/home/mateus/Área de Trabalho/DRIVEN/Projetos/Fullstack/supermercash/back/src/Controller/UserController.ts","statementMap":{"0":{"start":{"line":1,"column":0},"end":{"line":1,"column":54}},"1":{"start":{"line":8,"column":30},"end":{"line":8,"column":38}},"2":{"start":{"line":9,"column":2},"end":{"line":9,"column":39}},"3":{"start":{"line":10,"column":2},"end":{"line":10,"column":22}},"4":{"start":{"line":7,"column":0},"end":{"line":7,"column":22}},"5":{"start":{"line":14,"column":27},"end":{"line":14,"column":35}},"6":{"start":{"line":15,"column":16},"end":{"line":15,"column":49}},"7":{"start":{"line":16,"column":2},"end":{"line":16,"column":30}},"8":{"start":{"line":13,"column":0},"end":{"line":13,"column":22}},"9":{"start":{"line":20,"column":25},"end":{"line":20,"column":42}},"10":{"start":{"line":21,"column":30},"end":{"line":21,"column":46}},"11":{"start":{"line":22,"column":19},"end":{"line":22,"column":57}},"12":{"start":{"line":23,"column":2},"end":{"line":23,"column":50}},"13":{"start":{"line":19,"column":0},"end":{"line":19,"column":22}},"14":{"start":{"line":27,"column":25},"end":{"line":27,"column":42}},"15":{"start":{"line":28,"column":28},"end":{"line":28,"column":36}},"16":{"start":{"line":29,"column":2},"end":{"line":29,"column":49}},"17":{"start":{"line":30,"column":2},"end":{"line":30,"column":22}},"18":{"start":{"line":26,"column":0},"end":{"line":26,"column":22}},"19":{"start":{"line":34,"column":25},"end":{"line":34,"column":42}},"20":{"start":{"line":35,"column":33},"end":{"line":35,"column":41}},"21":{"start":{"line":36,"column":2},"end":{"line":36,"column":60}},"22":{"start":{"line":37,"column":2},"end":{"line":37,"column":22}},"23":{"start":{"line":33,"column":0},"end":{"line":33,"column":22}}},"fnMap":{"0":{"name":"RegisterUser","decl":{"start":{"line":7,"column":22},"end":{"line":7,"column":34}},"loc":{"start":{"line":7,"column":62},"end":{"line":11,"column":null}}},"1":{"name":"LoginUser","decl":{"start":{"line":13,"column":22},"end":{"line":13,"column":31}},"loc":{"start":{"line":13,"column":59},"end":{"line":17,"column":null}}},"2":{"name":"GetUserInfos","decl":{"start":{"line":19,"column":22},"end":{"line":19,"column":34}},"loc":{"start":{"line":19,"column":62},"end":{"line":24,"column":null}}},"3":{"name":"UpdateUsersInfo","decl":{"start":{"line":26,"column":22},"end":{"line":26,"column":37}},"loc":{"start":{"line":26,"column":65},"end":{"line":31,"column":null}}},"4":{"name":"UpdateUserImage","decl":{"start":{"line":33,"column":22},"end":{"line":33,"column":37}},"loc":{"start":{"line":33,"column":65},"end":{"line":38,"column":null}}}},"branchMap":{},"s":{"0":1,"1":2,"2":2,"3":2,"4":1,"5":1,"6":1,"7":1,"8":1,"9":0,"10":0,"11":0,"12":0,"13":1,"14":0,"15":0,"16":0,"17":0,"18":1,"19":0,"20":0,"21":0,"22":0,"23":1},"f":{"0":2,"1":1,"2":0,"3":0,"4":0},"b":{}}
,"/home/mateus/Área de Trabalho/DRIVEN/Projetos/Fullstack/supermercash/back/src/Database/Prisma.ts": {"path":"/home/mateus/Área de Trabalho/DRIVEN/Projetos/Fullstack/supermercash/back/src/Database/Prisma.ts","statementMap":{"0":{"start":{"line":1,"column":0},"end":{"line":1,"column":33}},"1":{"start":{"line":3,"column":25},"end":{"line":3,"column":28}},"2":{"start":{"line":4,"column":15},"end":{"line":4,"column":33}},"3":{"start":{"line":5,"column":0},"end":{"line":5,"column":22}}},"fnMap":{},"branchMap":{},"s":{"0":1,"1":1,"2":1,"3":1},"f":{},"b":{}}
,"/home/mateus/Área de Trabalho/DRIVEN/Projetos/Fullstack/supermercash/back/src/Middlewares/ErrorHandlerMiddleware.ts": {"path":"/home/mateus/Área de Trabalho/DRIVEN/Projetos/Fullstack/supermercash/back/src/Middlewares/ErrorHandlerMiddleware.ts","statementMap":{"0":{"start":{"line":3,"column":0},"end":{"line":3,"column":72}},"1":{"start":{"line":11,"column":2},"end":{"line":11,"column":19}},"2":{"start":{"line":13,"column":2},"end":{"line":15,"column":null}},"3":{"start":{"line":14,"column":4},"end":{"line":14,"column":73}},"4":{"start":{"line":17,"column":2},"end":{"line":17,"column":29}},"5":{"start":{"line":5,"column":0},"end":{"line":5,"column":16}}},"fnMap":{"0":{"name":"errorHandlerMiddleware","decl":{"start":{"line":5,"column":16},"end":{"line":5,"column":38}},"loc":{"start":{"line":9,"column":20},"end":{"line":18,"column":1}}}},"branchMap":{"0":{"loc":{"start":{"line":13,"column":2},"end":{"line":15,"column":null}},"type":"if","locations":[{"start":{"line":13,"column":2},"end":{"line":15,"column":null}}]}},"s":{"0":1,"1":0,"2":0,"3":0,"4":0,"5":1},"f":{"0":0},"b":{"0":[0]}}
,"/home/mateus/Área de Trabalho/DRIVEN/Projetos/Fullstack/supermercash/back/src/Middlewares/ValidateSchemaMiddleware.ts": {"path":"/home/mateus/Área de Trabalho/DRIVEN/Projetos/Fullstack/supermercash/back/src/Middlewares/ValidateSchemaMiddleware.ts","statementMap":{"0":{"start":{"line":4,"column":2},"end":{"line":13,"column":4}},"1":{"start":{"line":5,"column":22},"end":{"line":5,"column":70}},"2":{"start":{"line":6,"column":4},"end":{"line":10,"column":null}},"3":{"start":{"line":7,"column":6},"end":{"line":9,"column":66}},"4":{"start":{"line":9,"column":49},"end":{"line":9,"column":63}},"5":{"start":{"line":12,"column":4},"end":{"line":12,"column":11}},"6":{"start":{"line":3,"column":0},"end":{"line":3,"column":16}}},"fnMap":{"0":{"name":"validateSchema","decl":{"start":{"line":3,"column":16},"end":{"line":3,"column":30}},"loc":{"start":{"line":3,"column":42},"end":{"line":14,"column":1}}},"1":{"name":"(anonymous_1)","decl":{"start":{"line":4,"column":9},"end":{"line":4,"column":10}},"loc":{"start":{"line":4,"column":61},"end":{"line":13,"column":3}}},"2":{"name":"(anonymous_2)","decl":{"start":{"line":9,"column":32},"end":{"line":9,"column":33}},"loc":{"start":{"line":9,"column":49},"end":{"line":9,"column":63}}}},"branchMap":{"0":{"loc":{"start":{"line":6,"column":4},"end":{"line":10,"column":null}},"type":"if","locations":[{"start":{"line":6,"column":4},"end":{"line":10,"column":null}}]}},"s":{"0":5,"1":3,"2":3,"3":0,"4":0,"5":3,"6":1},"f":{"0":5,"1":3,"2":0},"b":{"0":[0]}}
,"/home/mateus/Área de Trabalho/DRIVEN/Projetos/Fullstack/supermercash/back/src/Middlewares/ValidateToken.ts": {"path":"/home/mateus/Área de Trabalho/DRIVEN/Projetos/Fullstack/supermercash/back/src/Middlewares/ValidateToken.ts","statementMap":{"0":{"start":{"line":1,"column":0},"end":{"line":1,"column":31}},"1":{"start":{"line":2,"column":0},"end":{"line":2,"column":28}},"2":{"start":{"line":3,"column":0},"end":{"line":3,"column":56}},"3":{"start":{"line":4,"column":0},"end":{"line":4,"column":40}},"4":{"start":{"line":6,"column":0},"end":{"line":6,"column":77}},"5":{"start":{"line":7,"column":0},"end":{"line":7,"column":16}},"6":{"start":{"line":14,"column":28},"end":{"line":14,"column":39}},"7":{"start":{"line":15,"column":16},"end":{"line":15,"column":53}},"8":{"start":{"line":16,"column":2},"end":{"line":18,"column":null}},"9":{"start":{"line":17,"column":4},"end":{"line":17,"column":48}},"10":{"start":{"line":19,"column":2},"end":{"line":66,"column":null}},"11":{"start":{"line":20,"column":29},"end":{"line":20,"column":65}},"12":{"start":{"line":21,"column":23},"end":{"line":21,"column":null}},"13":{"start":{"line":24,"column":17},"end":{"line":26,"column":6}},"14":{"start":{"line":28,"column":4},"end":{"line":28,"column":32}},"15":{"start":{"line":29,"column":4},"end":{"line":29,"column":11}},"16":{"start":{"line":31,"column":4},"end":{"line":65,"column":null}},"17":{"start":{"line":32,"column":23},"end":{"line":34,"column":8}},"18":{"start":{"line":35,"column":6},"end":{"line":37,"column":null}},"19":{"start":{"line":36,"column":8},"end":{"line":36,"column":62}},"20":{"start":{"line":38,"column":33},"end":{"line":38,"column":71}},"21":{"start":{"line":39,"column":21},"end":{"line":39,"column":50}},"22":{"start":{"line":40,"column":25},"end":{"line":40,"column":null}},"23":{"start":{"line":43,"column":26},"end":{"line":43,"column":47}},"24":{"start":{"line":44,"column":27},"end":{"line":44,"column":55}},"25":{"start":{"line":46,"column":6},"end":{"line":58,"column":9}},"26":{"start":{"line":60,"column":6},"end":{"line":60,"column":37}},"27":{"start":{"line":61,"column":6},"end":{"line":61,"column":33}},"28":{"start":{"line":62,"column":6},"end":{"line":62,"column":13}},"29":{"start":{"line":64,"column":6},"end":{"line":64,"column":55}},"30":{"start":{"line":9,"column":0},"end":{"line":9,"column":22}}},"fnMap":{"0":{"name":"validatingToken","decl":{"start":{"line":9,"column":22},"end":{"line":9,"column":37}},"loc":{"start":{"line":12,"column":20},"end":{"line":67,"column":null}}}},"branchMap":{"0":{"loc":{"start":{"line":15,"column":16},"end":{"line":15,"column":53}},"type":"cond-expr","locations":[{"start":{"line":15,"column":29},"end":{"line":15,"column":31}},{"start":{"line":15,"column":16},"end":{"line":15,"column":53}}]},"1":{"loc":{"start":{"line":15,"column":16},"end":{"line":15,"column":31}},"type":"binary-expr","locations":[{"start":{"line":15,"column":16},"end":{"line":15,"column":31}},{"start":{"line":15,"column":16},"end":{"line":15,"column":31}}]},"2":{"loc":{"start":{"line":16,"column":2},"end":{"line":18,"column":null}},"type":"if","locations":[{"start":{"line":16,"column":2},"end":{"line":18,"column":null}}]},"3":{"loc":{"start":{"line":35,"column":6},"end":{"line":37,"column":null}},"type":"if","locations":[{"start":{"line":35,"column":6},"end":{"line":37,"column":null}}]}},"s":{"0":1,"1":1,"2":1,"3":1,"4":1,"5":1,"6":0,"7":0,"8":0,"9":0,"10":0,"11":0,"12":0,"13":0,"14":0,"15":0,"16":0,"17":0,"18":0,"19":0,"20":0,"21":0,"22":0,"23":0,"24":0,"25":0,"26":0,"27":0,"28":0,"29":0,"30":1},"f":{"0":0},"b":{"0":[0,0],"1":[0,0],"2":[0],"3":[0]}}
,"/home/mateus/Área de Trabalho/DRIVEN/Projetos/Fullstack/supermercash/back/src/Repository/CartRepository.ts": {"path":"/home/mateus/Área de Trabalho/DRIVEN/Projetos/Fullstack/supermercash/back/src/Repository/CartRepository.ts","statementMap":{"0":{"start":{"line":1,"column":0},"end":{"line":1,"column":40}},"1":{"start":{"line":4,"column":28},"end":{"line":9,"column":49}},"2":{"start":{"line":10,"column":2},"end":{"line":10,"column":23}},"3":{"start":{"line":3,"column":0},"end":{"line":3,"column":22}},"4":{"start":{"line":14,"column":23},"end":{"line":14,"column":61}},"5":{"start":{"line":15,"column":2},"end":{"line":15,"column":22}},"6":{"start":{"line":13,"column":0},"end":{"line":13,"column":22}},"7":{"start":{"line":22,"column":23},"end":{"line":27,"column":4}},"8":{"start":{"line":28,"column":2},"end":{"line":28,"column":22}},"9":{"start":{"line":18,"column":0},"end":{"line":18,"column":22}},"10":{"start":{"line":32,"column":31},"end":{"line":34,"column":4}},"11":{"start":{"line":35,"column":2},"end":{"line":35,"column":30}},"12":{"start":{"line":31,"column":0},"end":{"line":31,"column":22}}},"fnMap":{"0":{"name":"getCartByUser","decl":{"start":{"line":3,"column":22},"end":{"line":3,"column":35}},"loc":{"start":{"line":3,"column":50},"end":{"line":11,"column":null}}},"1":{"name":"getSupermarkets","decl":{"start":{"line":13,"column":22},"end":{"line":13,"column":37}},"loc":{"start":{"line":13,"column":37},"end":{"line":16,"column":null}}},"2":{"name":"getPriceBySupermarket","decl":{"start":{"line":18,"column":22},"end":{"line":18,"column":43}},"loc":{"start":{"line":20,"column":19},"end":{"line":29,"column":null}}},"3":{"name":"getCartProductsQuantify","decl":{"start":{"line":31,"column":22},"end":{"line":31,"column":45}},"loc":{"start":{"line":31,"column":60},"end":{"line":36,"column":null}}}},"branchMap":{},"s":{"0":1,"1":0,"2":0,"3":1,"4":0,"5":0,"6":1,"7":0,"8":0,"9":1,"10":0,"11":0,"12":1},"f":{"0":0,"1":0,"2":0,"3":0},"b":{}}
,"/home/mateus/Área de Trabalho/DRIVEN/Projetos/Fullstack/supermercash/back/src/Repository/PaymentRepository.ts": {"path":"/home/mateus/Área de Trabalho/DRIVEN/Projetos/Fullstack/supermercash/back/src/Repository/PaymentRepository.ts","statementMap":{"0":{"start":{"line":1,"column":0},"end":{"line":1,"column":40}},"1":{"start":{"line":5,"column":2},"end":{"line":11,"column":5}},"2":{"start":{"line":4,"column":0},"end":{"line":4,"column":22}},"3":{"start":{"line":15,"column":2},"end":{"line":19,"column":5}},"4":{"start":{"line":14,"column":0},"end":{"line":14,"column":22}}},"fnMap":{"0":{"name":"createPayment","decl":{"start":{"line":4,"column":22},"end":{"line":4,"column":35}},"loc":{"start":{"line":4,"column":66},"end":{"line":12,"column":null}}},"1":{"name":"deletePurchases","decl":{"start":{"line":14,"column":22},"end":{"line":14,"column":37}},"loc":{"start":{"line":14,"column":52},"end":{"line":20,"column":null}}}},"branchMap":{},"s":{"0":1,"1":0,"2":1,"3":0,"4":1},"f":{"0":0,"1":0},"b":{}}
,"/home/mateus/Área de Trabalho/DRIVEN/Projetos/Fullstack/supermercash/back/src/Repository/ProductsRepository.ts": {"path":"/home/mateus/Área de Trabalho/DRIVEN/Projetos/Fullstack/supermercash/back/src/Repository/ProductsRepository.ts","statementMap":{"0":{"start":{"line":1,"column":0},"end":{"line":1,"column":40}},"1":{"start":{"line":4,"column":19},"end":{"line":7,"column":58}},"2":{"start":{"line":8,"column":2},"end":{"line":8,"column":18}},"3":{"start":{"line":3,"column":0},"end":{"line":3,"column":22}},"4":{"start":{"line":12,"column":19},"end":{"line":16,"column":58}},"5":{"start":{"line":17,"column":2},"end":{"line":17,"column":18}},"6":{"start":{"line":11,"column":0},"end":{"line":11,"column":22}},"7":{"start":{"line":21,"column":19},"end":{"line":28,"column":4}},"8":{"start":{"line":29,"column":2},"end":{"line":29,"column":18}},"9":{"start":{"line":20,"column":0},"end":{"line":20,"column":22}},"10":{"start":{"line":33,"column":2},"end":{"line":35,"column":5}},"11":{"start":{"line":32,"column":0},"end":{"line":32,"column":22}},"12":{"start":{"line":39,"column":23},"end":{"line":41,"column":4}},"13":{"start":{"line":42,"column":2},"end":{"line":42,"column":22}},"14":{"start":{"line":38,"column":0},"end":{"line":38,"column":22}},"15":{"start":{"line":46,"column":2},"end":{"line":50,"column":5}},"16":{"start":{"line":45,"column":0},"end":{"line":45,"column":22}},"17":{"start":{"line":54,"column":2},"end":{"line":54,"column":59}},"18":{"start":{"line":53,"column":0},"end":{"line":53,"column":22}},"19":{"start":{"line":58,"column":13},"end":{"line":58,"column":65}},"20":{"start":{"line":59,"column":2},"end":{"line":59,"column":12}},"21":{"start":{"line":57,"column":0},"end":{"line":57,"column":22}},"22":{"start":{"line":63,"column":19},"end":{"line":66,"column":4}},"23":{"start":{"line":67,"column":2},"end":{"line":67,"column":18}},"24":{"start":{"line":62,"column":0},"end":{"line":62,"column":22}},"25":{"start":{"line":71,"column":19},"end":{"line":77,"column":4}},"26":{"start":{"line":78,"column":2},"end":{"line":78,"column":18}},"27":{"start":{"line":70,"column":0},"end":{"line":70,"column":22}}},"fnMap":{"0":{"name":"getAllProducts","decl":{"start":{"line":3,"column":22},"end":{"line":3,"column":36}},"loc":{"start":{"line":3,"column":36},"end":{"line":9,"column":null}}},"1":{"name":"GetProductById","decl":{"start":{"line":11,"column":22},"end":{"line":11,"column":36}},"loc":{"start":{"line":11,"column":47},"end":{"line":18,"column":null}}},"2":{"name":"getListProductsByName","decl":{"start":{"line":20,"column":22},"end":{"line":20,"column":43}},"loc":{"start":{"line":20,"column":56},"end":{"line":30,"column":null}}},"3":{"name":"addProduct","decl":{"start":{"line":32,"column":22},"end":{"line":32,"column":32}},"loc":{"start":{"line":32,"column":66},"end":{"line":36,"column":null}}},"4":{"name":"getFirstProduct","decl":{"start":{"line":38,"column":22},"end":{"line":38,"column":37}},"loc":{"start":{"line":38,"column":71},"end":{"line":43,"column":null}}},"5":{"name":"removeOneProduct","decl":{"start":{"line":45,"column":22},"end":{"line":45,"column":38}},"loc":{"start":{"line":45,"column":61},"end":{"line":51,"column":null}}},"6":{"name":"removeAllProducts","decl":{"start":{"line":53,"column":22},"end":{"line":53,"column":39}},"loc":{"start":{"line":53,"column":54},"end":{"line":55,"column":null}}},"7":{"name":"getProductIdByName","decl":{"start":{"line":57,"column":22},"end":{"line":57,"column":40}},"loc":{"start":{"line":57,"column":53},"end":{"line":60,"column":null}}},"8":{"name":"getQuantifyByProduct","decl":{"start":{"line":62,"column":22},"end":{"line":62,"column":42}},"loc":{"start":{"line":62,"column":76},"end":{"line":68,"column":null}}},"9":{"name":"getQuantifyProductisHistoric","decl":{"start":{"line":70,"column":22},"end":{"line":70,"column":50}},"loc":{"start":{"line":70,"column":65},"end":{"line":79,"column":null}}}},"branchMap":{},"s":{"0":1,"1":0,"2":0,"3":1,"4":0,"5":0,"6":1,"7":0,"8":0,"9":1,"10":0,"11":1,"12":0,"13":0,"14":1,"15":0,"16":1,"17":0,"18":1,"19":0,"20":0,"21":1,"22":0,"23":0,"24":1,"25":0,"26":0,"27":1},"f":{"0":0,"1":0,"2":0,"3":0,"4":0,"5":0,"6":0,"7":0,"8":0,"9":0},"b":{}}
,"/home/mateus/Área de Trabalho/DRIVEN/Projetos/Fullstack/supermercash/back/src/Repository/UserRepository.ts": {"path":"/home/mateus/Área de Trabalho/DRIVEN/Projetos/Fullstack/supermercash/back/src/Repository/UserRepository.ts","statementMap":{"0":{"start":{"line":1,"column":0},"end":{"line":1,"column":40}},"1":{"start":{"line":5,"column":2},"end":{"line":5,"column":44}},"2":{"start":{"line":4,"column":0},"end":{"line":4,"column":22}},"3":{"start":{"line":9,"column":2},"end":{"line":9,"column":60}},"4":{"start":{"line":8,"column":0},"end":{"line":8,"column":22}},"5":{"start":{"line":13,"column":2},"end":{"line":32,"column":5}},"6":{"start":{"line":12,"column":0},"end":{"line":12,"column":22}},"7":{"start":{"line":40,"column":2},"end":{"line":42,"column":5}},"8":{"start":{"line":35,"column":0},"end":{"line":35,"column":22}},"9":{"start":{"line":50,"column":2},"end":{"line":63,"column":5}},"10":{"start":{"line":45,"column":0},"end":{"line":45,"column":22}},"11":{"start":{"line":67,"column":2},"end":{"line":78,"column":5}},"12":{"start":{"line":66,"column":0},"end":{"line":66,"column":22}},"13":{"start":{"line":82,"column":2},"end":{"line":93,"column":5}},"14":{"start":{"line":81,"column":0},"end":{"line":81,"column":22}},"15":{"start":{"line":97,"column":2},"end":{"line":108,"column":5}},"16":{"start":{"line":96,"column":0},"end":{"line":96,"column":22}}},"fnMap":{"0":{"name":"insertUser","decl":{"start":{"line":4,"column":22},"end":{"line":4,"column":32}},"loc":{"start":{"line":4,"column":52},"end":{"line":6,"column":null}}},"1":{"name":"getUserByEmail","decl":{"start":{"line":8,"column":22},"end":{"line":8,"column":36}},"loc":{"start":{"line":8,"column":50},"end":{"line":10,"column":null}}},"2":{"name":"getUserById","decl":{"start":{"line":12,"column":22},"end":{"line":12,"column":33}},"loc":{"start":{"line":12,"column":48},"end":{"line":33,"column":null}}},"3":{"name":"loginUser","decl":{"start":{"line":35,"column":22},"end":{"line":35,"column":31}},"loc":{"start":{"line":38,"column":16},"end":{"line":43,"column":null}}},"4":{"name":"updateUserInfo","decl":{"start":{"line":45,"column":22},"end":{"line":45,"column":36}},"loc":{"start":{"line":48,"column":16},"end":{"line":64,"column":null}}},"5":{"name":"updateUserImage","decl":{"start":{"line":66,"column":22},"end":{"line":66,"column":37}},"loc":{"start":{"line":66,"column":70},"end":{"line":79,"column":null}}},"6":{"name":"updateUserAdress","decl":{"start":{"line":81,"column":22},"end":{"line":81,"column":38}},"loc":{"start":{"line":81,"column":69},"end":{"line":94,"column":null}}},"7":{"name":"updateUserPhone","decl":{"start":{"line":96,"column":22},"end":{"line":96,"column":37}},"loc":{"start":{"line":96,"column":67},"end":{"line":109,"column":null}}}},"branchMap":{},"s":{"0":1,"1":2,"2":1,"3":3,"4":1,"5":0,"6":1,"7":1,"8":1,"9":0,"10":1,"11":0,"12":1,"13":0,"14":1,"15":0,"16":1},"f":{"0":2,"1":3,"2":0,"3":1,"4":0,"5":0,"6":0,"7":0},"b":{}}
,"/home/mateus/Área de Trabalho/DRIVEN/Projetos/Fullstack/supermercash/back/src/Routers/CartRouter.ts": {"path":"/home/mateus/Área de Trabalho/DRIVEN/Projetos/Fullstack/supermercash/back/src/Routers/CartRouter.ts","statementMap":{"0":{"start":{"line":1,"column":0},"end":{"line":1,"column":33}},"1":{"start":{"line":2,"column":0},"end":{"line":2,"column":null}},"2":{"start":{"line":6,"column":0},"end":{"line":6,"column":63}},"3":{"start":{"line":8,"column":19},"end":{"line":8,"column":27}},"4":{"start":{"line":10,"column":0},"end":{"line":10,"column":55}},"5":{"start":{"line":11,"column":0},"end":{"line":11,"column":75}},"6":{"start":{"line":13,"column":0},"end":{"line":13,"column":26}}},"fnMap":{},"branchMap":{},"s":{"0":1,"1":1,"2":1,"3":1,"4":1,"5":1,"6":1},"f":{},"b":{}}
,"/home/mateus/Área de Trabalho/DRIVEN/Projetos/Fullstack/supermercash/back/src/Routers/PaymentRouter.ts": {"path":"/home/mateus/Área de Trabalho/DRIVEN/Projetos/Fullstack/supermercash/back/src/Routers/PaymentRouter.ts","statementMap":{"0":{"start":{"line":1,"column":0},"end":{"line":1,"column":33}},"1":{"start":{"line":2,"column":0},"end":{"line":2,"column":64}},"2":{"start":{"line":3,"column":0},"end":{"line":3,"column":73}},"3":{"start":{"line":4,"column":0},"end":{"line":4,"column":63}},"4":{"start":{"line":5,"column":0},"end":{"line":5,"column":53}},"5":{"start":{"line":7,"column":22},"end":{"line":7,"column":30}},"6":{"start":{"line":9,"column":0},"end":{"line":14,"column":2}},"7":{"start":{"line":16,"column":0},"end":{"line":16,"column":29}}},"fnMap":{},"branchMap":{},"s":{"0":1,"1":1,"2":1,"3":1,"4":1,"5":1,"6":1,"7":1},"f":{},"b":{}}
,"/home/mateus/Área de Trabalho/DRIVEN/Projetos/Fullstack/supermercash/back/src/Routers/ProductsRouter.ts": {"path":"/home/mateus/Área de Trabalho/DRIVEN/Projetos/Fullstack/supermercash/back/src/Routers/ProductsRouter.ts","statementMap":{"0":{"start":{"line":1,"column":0},"end":{"line":1,"column":33}},"1":{"start":{"line":2,"column":0},"end":{"line":2,"column":null}},"2":{"start":{"line":12,"column":0},"end":{"line":12,"column":63}},"3":{"start":{"line":15,"column":23},"end":{"line":15,"column":31}},"4":{"start":{"line":17,"column":0},"end":{"line":21,"column":2}},"5":{"start":{"line":22,"column":0},"end":{"line":22,"column":48}},"6":{"start":{"line":23,"column":0},"end":{"line":23,"column":54}},"7":{"start":{"line":24,"column":0},"end":{"line":24,"column":62}},"8":{"start":{"line":25,"column":0},"end":{"line":29,"column":2}},"9":{"start":{"line":30,"column":0},"end":{"line":30,"column":58}},"10":{"start":{"line":31,"column":0},"end":{"line":31,"column":78}},"11":{"start":{"line":32,"column":0},"end":{"line":36,"column":2}},"12":{"start":{"line":38,"column":0},"end":{"line":38,"column":30}}},"fnMap":{},"branchMap":{},"s":{"0":1,"1":1,"2":1,"3":1,"4":1,"5":1,"6":1,"7":1,"8":1,"9":1,"10":1,"11":1,"12":1},"f":{},"b":{}}
,"/home/mateus/Área de Trabalho/DRIVEN/Projetos/Fullstack/supermercash/back/src/Routers/UserRouter.ts": {"path":"/home/mateus/Área de Trabalho/DRIVEN/Projetos/Fullstack/supermercash/back/src/Routers/UserRouter.ts","statementMap":{"0":{"start":{"line":1,"column":0},"end":{"line":1,"column":33}},"1":{"start":{"line":2,"column":0},"end":{"line":2,"column":null}},"2":{"start":{"line":9,"column":0},"end":{"line":9,"column":73}},"3":{"start":{"line":10,"column":0},"end":{"line":10,"column":55}},"4":{"start":{"line":11,"column":0},"end":{"line":11,"column":49}},"5":{"start":{"line":12,"column":0},"end":{"line":12,"column":63}},"6":{"start":{"line":13,"column":0},"end":{"line":13,"column":59}},"7":{"start":{"line":14,"column":0},"end":{"line":14,"column":69}},"8":{"start":{"line":16,"column":19},"end":{"line":16,"column":27}},"9":{"start":{"line":18,"column":0},"end":{"line":18,"column":74}},"10":{"start":{"line":19,"column":0},"end":{"line":19,"column":68}},"11":{"start":{"line":20,"column":0},"end":{"line":20,"column":58}},"12":{"start":{"line":21,"column":0},"end":{"line":26,"column":2}},"13":{"start":{"line":27,"column":0},"end":{"line":32,"column":2}},"14":{"start":{"line":34,"column":0},"end":{"line":34,"column":26}}},"fnMap":{},"branchMap":{},"s":{"0":1,"1":1,"2":1,"3":1,"4":1,"5":1,"6":1,"7":1,"8":1,"9":1,"10":1,"11":1,"12":1,"13":1,"14":1},"f":{},"b":{}}
,"/home/mateus/Área de Trabalho/DRIVEN/Projetos/Fullstack/supermercash/back/src/Routers/index.ts": {"path":"/home/mateus/Área de Trabalho/DRIVEN/Projetos/Fullstack/supermercash/back/src/Routers/index.ts","statementMap":{"0":{"start":{"line":1,"column":0},"end":{"line":1,"column":33}},"1":{"start":{"line":2,"column":0},"end":{"line":2,"column":38}},"2":{"start":{"line":3,"column":0},"end":{"line":3,"column":44}},"3":{"start":{"line":4,"column":0},"end":{"line":4,"column":46}},"4":{"start":{"line":5,"column":0},"end":{"line":5,"column":39}},"5":{"start":{"line":7,"column":15},"end":{"line":7,"column":23}},"6":{"start":{"line":9,"column":0},"end":{"line":9,"column":24}},"7":{"start":{"line":10,"column":0},"end":{"line":10,"column":27}},"8":{"start":{"line":11,"column":0},"end":{"line":11,"column":23}},"9":{"start":{"line":12,"column":0},"end":{"line":12,"column":26}},"10":{"start":{"line":14,"column":0},"end":{"line":14,"column":22}}},"fnMap":{},"branchMap":{},"s":{"0":1,"1":1,"2":1,"3":1,"4":1,"5":1,"6":1,"7":1,"8":1,"9":1,"10":1},"f":{},"b":{}}
,"/home/mateus/Área de Trabalho/DRIVEN/Projetos/Fullstack/supermercash/back/src/Schemas/LoginSchema.ts": {"path":"/home/mateus/Área de Trabalho/DRIVEN/Projetos/Fullstack/supermercash/back/src/Schemas/LoginSchema.ts","statementMap":{"0":{"start":{"line":1,"column":0},"end":{"line":1,"column":22}},"1":{"start":{"line":3,"column":20},"end":{"line":10,"column":2}},"2":{"start":{"line":12,"column":0},"end":{"line":12,"column":27}}},"fnMap":{},"branchMap":{},"s":{"0":1,"1":1,"2":1},"f":{},"b":{}}
,"/home/mateus/Área de Trabalho/DRIVEN/Projetos/Fullstack/supermercash/back/src/Schemas/PaymentSchema.ts": {"path":"/home/mateus/Área de Trabalho/DRIVEN/Projetos/Fullstack/supermercash/back/src/Schemas/PaymentSchema.ts","statementMap":{"0":{"start":{"line":1,"column":0},"end":{"line":1,"column":22}},"1":{"start":{"line":3,"column":22},"end":{"line":10,"column":2}},"2":{"start":{"line":12,"column":0},"end":{"line":12,"column":29}}},"fnMap":{},"branchMap":{},"s":{"0":1,"1":1,"2":1},"f":{},"b":{}}
,"/home/mateus/Área de Trabalho/DRIVEN/Projetos/Fullstack/supermercash/back/src/Schemas/RegisterSchema.ts": {"path":"/home/mateus/Área de Trabalho/DRIVEN/Projetos/Fullstack/supermercash/back/src/Schemas/RegisterSchema.ts","statementMap":{"0":{"start":{"line":1,"column":0},"end":{"line":1,"column":22}},"1":{"start":{"line":3,"column":23},"end":{"line":16,"column":2}},"2":{"start":{"line":18,"column":0},"end":{"line":18,"column":30}}},"fnMap":{},"branchMap":{},"s":{"0":1,"1":1,"2":1},"f":{},"b":{}}
,"/home/mateus/Área de Trabalho/DRIVEN/Projetos/Fullstack/supermercash/back/src/Schemas/UpdateUserImageSchema.ts": {"path":"/home/mateus/Área de Trabalho/DRIVEN/Projetos/Fullstack/supermercash/back/src/Schemas/UpdateUserImageSchema.ts","statementMap":{"0":{"start":{"line":1,"column":0},"end":{"line":1,"column":22}},"1":{"start":{"line":3,"column":30},"end":{"line":5,"column":2}},"2":{"start":{"line":7,"column":0},"end":{"line":7,"column":37}}},"fnMap":{},"branchMap":{},"s":{"0":1,"1":1,"2":1},"f":{},"b":{}}
,"/home/mateus/Área de Trabalho/DRIVEN/Projetos/Fullstack/supermercash/back/src/Schemas/UpdateUserSchema.ts": {"path":"/home/mateus/Área de Trabalho/DRIVEN/Projetos/Fullstack/supermercash/back/src/Schemas/UpdateUserSchema.ts","statementMap":{"0":{"start":{"line":1,"column":0},"end":{"line":1,"column":22}},"1":{"start":{"line":3,"column":25},"end":{"line":8,"column":2}},"2":{"start":{"line":10,"column":0},"end":{"line":10,"column":32}}},"fnMap":{},"branchMap":{},"s":{"0":1,"1":1,"2":1},"f":{},"b":{}}
,"/home/mateus/Área de Trabalho/DRIVEN/Projetos/Fullstack/supermercash/back/src/Service/CartService.ts": {"path":"/home/mateus/Área de Trabalho/DRIVEN/Projetos/Fullstack/supermercash/back/src/Service/CartService.ts","statementMap":{"0":{"start":{"line":2,"column":0},"end":{"line":2,"column":63}},"1":{"start":{"line":5,"column":23},"end":{"line":5,"column":65}},"2":{"start":{"line":6,"column":23},"end":{"line":6,"column":61}},"3":{"start":{"line":7,"column":26},"end":{"line":7,"column":75}},"4":{"start":{"line":8,"column":29},"end":{"line":8,"column":68}},"5":{"start":{"line":9,"column":2},"end":{"line":9,"column":28}},"6":{"start":{"line":4,"column":0},"end":{"line":4,"column":22}},"7":{"start":{"line":13,"column":18},"end":{"line":13,"column":20}},"8":{"start":{"line":14,"column":24},"end":{"line":14,"column":26}},"9":{"start":{"line":15,"column":2},"end":{"line":17,"column":null}},"10":{"start":{"line":15,"column":21},"end":{"line":15,"column":22}},"11":{"start":{"line":16,"column":4},"end":{"line":16,"column":53}},"12":{"start":{"line":19,"column":20},"end":{"line":19,"column":42}},"13":{"start":{"line":21,"column":2},"end":{"line":28,"column":null}},"14":{"start":{"line":21,"column":19},"end":{"line":21,"column":20}},"15":{"start":{"line":22,"column":4},"end":{"line":27,"column":null}},"16":{"start":{"line":22,"column":21},"end":{"line":22,"column":22}},"17":{"start":{"line":23,"column":6},"end":{"line":26,"column":null}},"18":{"start":{"line":24,"column":29},"end":{"line":24,"column":63}},"19":{"start":{"line":25,"column":8},"end":{"line":25,"column":79}},"20":{"start":{"line":29,"column":2},"end":{"line":29,"column":23}},"21":{"start":{"line":33,"column":17},"end":{"line":56,"column":null}},"22":{"start":{"line":34,"column":73},"end":{"line":56,"column":6}},"23":{"start":{"line":35,"column":16},"end":{"line":35,"column":17}},"24":{"start":{"line":36,"column":20},"end":{"line":50,"column":null}},"25":{"start":{"line":43,"column":15},"end":{"line":49,"column":null}},"26":{"start":{"line":44,"column":29},"end":{"line":46,"column":null}},"27":{"start":{"line":48,"column":12},"end":{"line":48,"column":66}},"28":{"start":{"line":52,"column":6},"end":{"line":55,"column":8}},"29":{"start":{"line":58,"column":2},"end":{"line":58,"column":16}},"30":{"start":{"line":62,"column":31},"end":{"line":63,"column":null}},"31":{"start":{"line":65,"column":2},"end":{"line":65,"column":36}},"32":{"start":{"line":66,"column":2},"end":{"line":66,"column":30}},"33":{"start":{"line":61,"column":0},"end":{"line":61,"column":22}}},"fnMap":{"0":{"name":"getPurchaseValue","decl":{"start":{"line":4,"column":22},"end":{"line":4,"column":38}},"loc":{"start":{"line":4,"column":53},"end":{"line":10,"column":null}}},"1":{"name":"orderValuesCarts","decl":{"start":{"line":12,"column":15},"end":{"line":12,"column":31}},"loc":{"start":{"line":12,"column":52},"end":{"line":30,"column":null}}},"2":{"name":"getAllCartValue","decl":{"start":{"line":32,"column":15},"end":{"line":32,"column":30}},"loc":{"start":{"line":32,"column":68},"end":{"line":59,"column":null}}},"3":{"name":"(anonymous_19)","decl":{"start":{"line":34,"column":21},"end":{"line":34,"column":28}},"loc":{"start":{"line":34,"column":73},"end":{"line":56,"column":6}}},"4":{"name":"(anonymous_20)","decl":{"start":{"line":34,"column":73},"end":{"line":34,"column":null}},"loc":{"start":{"line":34,"column":73},"end":{"line":56,"column":5}}},"5":{"name":"(anonymous_21)","decl":{"start":{"line":38,"column":10},"end":{"line":38,"column":17}},"loc":{"start":{"line":43,"column":15},"end":{"line":49,"column":null}}},"6":{"name":"(anonymous_22)","decl":{"start":{"line":43,"column":15},"end":{"line":43,"column":null}},"loc":{"start":{"line":43,"column":15},"end":{"line":49,"column":11}}},"7":{"name":"getCartProductsQuantify","decl":{"start":{"line":61,"column":22},"end":{"line":61,"column":45}},"loc":{"start":{"line":61,"column":60},"end":{"line":67,"column":null}}}},"branchMap":{"0":{"loc":{"start":{"line":23,"column":6},"end":{"line":26,"column":null}},"type":"if","locations":[{"start":{"line":23,"column":6},"end":{"line":26,"column":null}}]}},"s":{"0":1,"1":0,"2":0,"3":0,"4":0,"5":0,"6":1,"7":0,"8":0,"9":0,"10":0,"11":0,"12":0,"13":0,"14":0,"15":0,"16":0,"17":0,"18":0,"19":0,"20":0,"21":0,"22":0,"23":0,"24":0,"25":0,"26":0,"27":0,"28":0,"29":0,"30":0,"31":0,"32":0,"33":1},"f":{"0":0,"1":0,"2":0,"3":0,"4":0,"5":0,"6":0,"7":0},"b":{"0":[0]}}
,"/home/mateus/Área de Trabalho/DRIVEN/Projetos/Fullstack/supermercash/back/src/Service/PaymentService.ts": {"path":"/home/mateus/Área de Trabalho/DRIVEN/Projetos/Fullstack/supermercash/back/src/Service/PaymentService.ts","statementMap":{"0":{"start":{"line":2,"column":0},"end":{"line":2,"column":69}},"1":{"start":{"line":3,"column":0},"end":{"line":3,"column":59}},"2":{"start":{"line":5,"column":0},"end":{"line":5,"column":70}},"3":{"start":{"line":6,"column":0},"end":{"line":6,"column":47}},"4":{"start":{"line":9,"column":15},"end":{"line":9,"column":40}},"5":{"start":{"line":10,"column":2},"end":{"line":10,"column":42}},"6":{"start":{"line":11,"column":2},"end":{"line":11,"column":53}},"7":{"start":{"line":12,"column":2},"end":{"line":12,"column":54}},"8":{"start":{"line":13,"column":2},"end":{"line":13,"column":50}},"9":{"start":{"line":8,"column":0},"end":{"line":8,"column":22}},"10":{"start":{"line":17,"column":2},"end":{"line":19,"column":null}},"11":{"start":{"line":18,"column":4},"end":{"line":18,"column":50}}},"fnMap":{"0":{"name":"makePayment","decl":{"start":{"line":8,"column":22},"end":{"line":8,"column":33}},"loc":{"start":{"line":8,"column":64},"end":{"line":14,"column":null}}},"1":{"name":"verifyCartIsEmpy","decl":{"start":{"line":16,"column":9},"end":{"line":16,"column":25}},"loc":{"start":{"line":16,"column":50},"end":{"line":20,"column":1}}}},"branchMap":{"0":{"loc":{"start":{"line":17,"column":2},"end":{"line":19,"column":null}},"type":"if","locations":[{"start":{"line":17,"column":2},"end":{"line":19,"column":null}}]}},"s":{"0":1,"1":1,"2":1,"3":1,"4":0,"5":0,"6":0,"7":0,"8":0,"9":1,"10":0,"11":0},"f":{"0":0,"1":0},"b":{"0":[0]}}
,"/home/mateus/Área de Trabalho/DRIVEN/Projetos/Fullstack/supermercash/back/src/Service/ProductsService.ts": {"path":"/home/mateus/Área de Trabalho/DRIVEN/Projetos/Fullstack/supermercash/back/src/Service/ProductsService.ts","statementMap":{"0":{"start":{"line":2,"column":0},"end":{"line":2,"column":71}},"1":{"start":{"line":3,"column":0},"end":{"line":3,"column":71}},"2":{"start":{"line":12,"column":19},"end":{"line":12,"column":60}},"3":{"start":{"line":13,"column":2},"end":{"line":13,"column":18}},"4":{"start":{"line":11,"column":0},"end":{"line":11,"column":22}},"5":{"start":{"line":17,"column":19},"end":{"line":17,"column":62}},"6":{"start":{"line":18,"column":2},"end":{"line":18,"column":18}},"7":{"start":{"line":16,"column":0},"end":{"line":16,"column":22}},"8":{"start":{"line":22,"column":19},"end":{"line":22,"column":71}},"9":{"start":{"line":23,"column":2},"end":{"line":23,"column":18}},"10":{"start":{"line":21,"column":0},"end":{"line":21,"column":22}},"11":{"start":{"line":27,"column":19},"end":{"line":28,"column":null}},"12":{"start":{"line":30,"column":2},"end":{"line":33,"column":null}},"13":{"start":{"line":31,"column":29},"end":{"line":31,"column":62}},"14":{"start":{"line":32,"column":4},"end":{"line":32,"column":32}},"15":{"start":{"line":35,"column":2},"end":{"line":35,"column":34}},"16":{"start":{"line":26,"column":0},"end":{"line":26,"column":22}},"17":{"start":{"line":39,"column":18},"end":{"line":39,"column":67}},"18":{"start":{"line":40,"column":2},"end":{"line":40,"column":58}},"19":{"start":{"line":38,"column":0},"end":{"line":38,"column":22}},"20":{"start":{"line":44,"column":18},"end":{"line":44,"column":74}},"21":{"start":{"line":45,"column":23},"end":{"line":47,"column":null}},"22":{"start":{"line":49,"column":2},"end":{"line":49,"column":47}},"23":{"start":{"line":50,"column":2},"end":{"line":50,"column":61}},"24":{"start":{"line":43,"column":0},"end":{"line":43,"column":22}},"25":{"start":{"line":54,"column":2},"end":{"line":54,"column":53}},"26":{"start":{"line":53,"column":0},"end":{"line":53,"column":22}},"27":{"start":{"line":58,"column":18},"end":{"line":58,"column":67}},"28":{"start":{"line":59,"column":26},"end":{"line":61,"column":null}},"29":{"start":{"line":63,"column":2},"end":{"line":63,"column":25}},"30":{"start":{"line":57,"column":0},"end":{"line":57,"column":22}},"31":{"start":{"line":67,"column":2},"end":{"line":69,"column":null}},"32":{"start":{"line":68,"column":4},"end":{"line":68,"column":63}}},"fnMap":{"0":{"name":"getAllProducts","decl":{"start":{"line":11,"column":22},"end":{"line":11,"column":36}},"loc":{"start":{"line":11,"column":36},"end":{"line":14,"column":null}}},"1":{"name":"getProduct","decl":{"start":{"line":16,"column":22},"end":{"line":16,"column":32}},"loc":{"start":{"line":16,"column":43},"end":{"line":19,"column":null}}},"2":{"name":"getListProductsByName","decl":{"start":{"line":21,"column":22},"end":{"line":21,"column":43}},"loc":{"start":{"line":21,"column":56},"end":{"line":24,"column":null}}},"3":{"name":"getQuantifyProductisHistoric","decl":{"start":{"line":26,"column":22},"end":{"line":26,"column":50}},"loc":{"start":{"line":26,"column":65},"end":{"line":36,"column":null}}},"4":{"name":"addProduct","decl":{"start":{"line":38,"column":22},"end":{"line":38,"column":32}},"loc":{"start":{"line":38,"column":61},"end":{"line":41,"column":null}}},"5":{"name":"removeOneProduct","decl":{"start":{"line":43,"column":22},"end":{"line":43,"column":38}},"loc":{"start":{"line":43,"column":74},"end":{"line":51,"column":null}}},"6":{"name":"removeAllProducts","decl":{"start":{"line":53,"column":22},"end":{"line":53,"column":39}},"loc":{"start":{"line":53,"column":54},"end":{"line":55,"column":null}}},"7":{"name":"getQuantifyByProduct","decl":{"start":{"line":57,"column":22},"end":{"line":57,"column":42}},"loc":{"start":{"line":57,"column":71},"end":{"line":64,"column":null}}},"8":{"name":"verifyProductExistInCart","decl":{"start":{"line":66,"column":15},"end":{"line":66,"column":39}},"loc":{"start":{"line":66,"column":57},"end":{"line":70,"column":null}}}},"branchMap":{"0":{"loc":{"start":{"line":30,"column":2},"end":{"line":33,"column":null}},"type":"if","locations":[{"start":{"line":30,"column":2},"end":{"line":33,"column":null}}]},"1":{"loc":{"start":{"line":67,"column":2},"end":{"line":69,"column":null}},"type":"if","locations":[{"start":{"line":67,"column":2},"end":{"line":69,"column":null}}]}},"s":{"0":1,"1":1,"2":0,"3":0,"4":1,"5":0,"6":0,"7":1,"8":0,"9":0,"10":1,"11":0,"12":0,"13":0,"14":0,"15":0,"16":1,"17":0,"18":0,"19":1,"20":0,"21":0,"22":0,"23":0,"24":1,"25":0,"26":1,"27":0,"28":0,"29":0,"30":1,"31":0,"32":0},"f":{"0":0,"1":0,"2":0,"3":0,"4":0,"5":0,"6":0,"7":0,"8":0},"b":{"0":[0],"1":[0]}}
,"/home/mateus/Área de Trabalho/DRIVEN/Projetos/Fullstack/supermercash/back/src/Service/UserService.ts": {"path":"/home/mateus/Área de Trabalho/DRIVEN/Projetos/Fullstack/supermercash/back/src/Service/UserService.ts","statementMap":{"0":{"start":{"line":2,"column":0},"end":{"line":2,"column":63}},"1":{"start":{"line":5,"column":0},"end":{"line":5,"column":28}},"2":{"start":{"line":6,"column":0},"end":{"line":6,"column":31}},"3":{"start":{"line":12,"column":0},"end":{"line":12,"column":null}},"4":{"start":{"line":22,"column":2},"end":{"line":22,"column":43}},"5":{"start":{"line":23,"column":2},"end":{"line":23,"column":31}},"6":{"start":{"line":24,"column":28},"end":{"line":24,"column":58}},"7":{"start":{"line":26,"column":2},"end":{"line":26,"column":30}},"8":{"start":{"line":27,"column":2},"end":{"line":27,"column":61}},"9":{"start":{"line":20,"column":0},"end":{"line":20,"column":22}},"10":{"start":{"line":32,"column":15},"end":{"line":32,"column":54}},"11":{"start":{"line":33,"column":2},"end":{"line":33,"column":53}},"12":{"start":{"line":34,"column":16},"end":{"line":34,"column":38}},"13":{"start":{"line":35,"column":23},"end":{"line":35,"column":52}},"14":{"start":{"line":36,"column":2},"end":{"line":36,"column":63}},"15":{"start":{"line":37,"column":2},"end":{"line":37,"column":19}},"16":{"start":{"line":30,"column":0},"end":{"line":30,"column":22}},"17":{"start":{"line":41,"column":15},"end":{"line":41,"column":48}},"18":{"start":{"line":42,"column":2},"end":{"line":48,"column":4}},"19":{"start":{"line":40,"column":0},"end":{"line":40,"column":22}},"20":{"start":{"line":52,"column":2},"end":{"line":52,"column":36}},"21":{"start":{"line":53,"column":2},"end":{"line":53,"column":40}},"22":{"start":{"line":51,"column":0},"end":{"line":51,"column":22}},"23":{"start":{"line":57,"column":2},"end":{"line":57,"column":36}},"24":{"start":{"line":58,"column":2},"end":{"line":58,"column":57}},"25":{"start":{"line":56,"column":0},"end":{"line":56,"column":22}},"26":{"start":{"line":64,"column":15},"end":{"line":64,"column":17}},"27":{"start":{"line":65,"column":24},"end":{"line":65,"column":55}},"28":{"start":{"line":66,"column":2},"end":{"line":66,"column":23}},"29":{"start":{"line":70,"column":27},"end":{"line":70,"column":63}},"30":{"start":{"line":71,"column":25},"end":{"line":71,"column":59}},"31":{"start":{"line":72,"column":16},"end":{"line":77,"column":null}},"32":{"start":{"line":79,"column":2},"end":{"line":79,"column":15}},"33":{"start":{"line":69,"column":0},"end":{"line":69,"column":16}},"34":{"start":{"line":82,"column":29},"end":{"line":82,"column":67}},"35":{"start":{"line":83,"column":27},"end":{"line":83,"column":63}},"36":{"start":{"line":84,"column":16},"end":{"line":86,"column":4}},"37":{"start":{"line":87,"column":2},"end":{"line":87,"column":15}},"38":{"start":{"line":81,"column":0},"end":{"line":81,"column":16}},"39":{"start":{"line":92,"column":15},"end":{"line":92,"column":57}},"40":{"start":{"line":93,"column":2},"end":{"line":95,"column":null}},"41":{"start":{"line":94,"column":4},"end":{"line":94,"column":56}},"42":{"start":{"line":96,"column":2},"end":{"line":98,"column":null}},"43":{"start":{"line":97,"column":4},"end":{"line":97,"column":42}},"44":{"start":{"line":99,"column":2},"end":{"line":99,"column":14}},"45":{"start":{"line":103,"column":2},"end":{"line":103,"column":40}},"46":{"start":{"line":107,"column":15},"end":{"line":107,"column":55}},"47":{"start":{"line":108,"column":2},"end":{"line":110,"column":null}},"48":{"start":{"line":109,"column":4},"end":{"line":109,"column":42}},"49":{"start":{"line":111,"column":2},"end":{"line":111,"column":14}},"50":{"start":{"line":106,"column":0},"end":{"line":106,"column":22}},"51":{"start":{"line":118,"column":25},"end":{"line":118,"column":72}},"52":{"start":{"line":119,"column":2},"end":{"line":121,"column":null}},"53":{"start":{"line":120,"column":4},"end":{"line":120,"column":62}},"54":{"start":{"line":114,"column":0},"end":{"line":114,"column":22}},"55":{"start":{"line":125,"column":2},"end":{"line":125,"column":69}},"56":{"start":{"line":126,"column":2},"end":{"line":126,"column":61}},"57":{"start":{"line":127,"column":2},"end":{"line":127,"column":59}},"58":{"start":{"line":131,"column":2},"end":{"line":133,"column":null}},"59":{"start":{"line":132,"column":4},"end":{"line":132,"column":52}}},"fnMap":{"0":{"name":"registerUser","decl":{"start":{"line":20,"column":22},"end":{"line":20,"column":34}},"loc":{"start":{"line":20,"column":54},"end":{"line":28,"column":null}}},"1":{"name":"loginUser","decl":{"start":{"line":30,"column":22},"end":{"line":30,"column":31}},"loc":{"start":{"line":30,"column":48},"end":{"line":38,"column":null}}},"2":{"name":"GetUserInfos","decl":{"start":{"line":40,"column":22},"end":{"line":40,"column":34}},"loc":{"start":{"line":40,"column":49},"end":{"line":49,"column":null}}},"3":{"name":"updateUserInfo","decl":{"start":{"line":51,"column":22},"end":{"line":51,"column":36}},"loc":{"start":{"line":51,"column":70},"end":{"line":54,"column":null}}},"4":{"name":"updateUserImage","decl":{"start":{"line":56,"column":22},"end":{"line":56,"column":37}},"loc":{"start":{"line":56,"column":70},"end":{"line":59,"column":null}}},"5":{"name":"encryptPassword","decl":{"start":{"line":63,"column":9},"end":{"line":63,"column":24}},"loc":{"start":{"line":63,"column":41},"end":{"line":67,"column":1}}},"6":{"name":"generateToken","decl":{"start":{"line":69,"column":16},"end":{"line":69,"column":29}},"loc":{"start":{"line":69,"column":40},"end":{"line":80,"column":1}}},"7":{"name":"generateRefreshToken","decl":{"start":{"line":81,"column":16},"end":{"line":81,"column":36}},"loc":{"start":{"line":81,"column":51},"end":{"line":88,"column":1}}},"8":{"name":"verifyUserExist","decl":{"start":{"line":91,"column":15},"end":{"line":91,"column":30}},"loc":{"start":{"line":91,"column":66},"end":{"line":100,"column":null}}},"9":{"name":"createUser","decl":{"start":{"line":102,"column":15},"end":{"line":102,"column":25}},"loc":{"start":{"line":102,"column":45},"end":{"line":104,"column":null}}},"10":{"name":"verifyUserExistById","decl":{"start":{"line":106,"column":22},"end":{"line":106,"column":41}},"loc":{"start":{"line":106,"column":56},"end":{"line":112,"column":null}}},"11":{"name":"verifyPassword","decl":{"start":{"line":114,"column":22},"end":{"line":114,"column":36}},"loc":{"start":{"line":116,"column":27},"end":{"line":122,"column":null}}},"12":{"name":"updateAllUserInfo","decl":{"start":{"line":124,"column":15},"end":{"line":124,"column":32}},"loc":{"start":{"line":124,"column":66},"end":{"line":128,"column":null}}},"13":{"name":"comparePasswords","decl":{"start":{"line":130,"column":15},"end":{"line":130,"column":31}},"loc":{"start":{"line":130,"column":51},"end":{"line":134,"column":null}}}},"branchMap":{"0":{"loc":{"start":{"line":43,"column":10},"end":{"line":43,"column":25}},"type":"cond-expr","locations":[{"start":{"line":43,"column":19},"end":{"line":43,"column":23}},{"start":{"line":43,"column":23},"end":{"line":43,"column":25}}]},"1":{"loc":{"start":{"line":43,"column":10},"end":{"line":43,"column":23}},"type":"binary-expr","locations":[{"start":{"line":43,"column":10},"end":{"line":43,"column":23}},{"start":{"line":43,"column":19},"end":{"line":43,"column":23}}]},"2":{"loc":{"start":{"line":44,"column":11},"end":{"line":44,"column":27}},"type":"cond-expr","locations":[{"start":{"line":44,"column":21},"end":{"line":44,"column":25}},{"start":{"line":44,"column":25},"end":{"line":44,"column":27}}]},"3":{"loc":{"start":{"line":44,"column":11},"end":{"line":44,"column":25}},"type":"binary-expr","locations":[{"start":{"line":44,"column":11},"end":{"line":44,"column":25}},{"start":{"line":44,"column":21},"end":{"line":44,"column":25}}]},"4":{"loc":{"start":{"line":45,"column":11},"end":{"line":45,"column":32}},"type":"cond-expr","locations":[{"start":{"line":45,"column":26},"end":{"line":45,"column":30}},{"start":{"line":45,"column":30},"end":{"line":45,"column":32}}]},"5":{"loc":{"start":{"line":45,"column":11},"end":{"line":45,"column":30}},"type":"binary-expr","locations":[{"start":{"line":45,"column":11},"end":{"line":45,"column":30}},{"start":{"line":45,"column":26},"end":{"line":45,"column":30}}]},"6":{"loc":{"start":{"line":46,"column":12},"end":{"line":46,"column":33}},"type":"cond-expr","locations":[{"start":{"line":46,"column":27},"end":{"line":46,"column":31}},{"start":{"line":46,"column":31},"end":{"line":46,"column":33}}]},"7":{"loc":{"start":{"line":46,"column":12},"end":{"line":46,"column":31}},"type":"binary-expr","locations":[{"start":{"line":46,"column":12},"end":{"line":46,"column":31}},{"start":{"line":46,"column":27},"end":{"line":46,"column":31}}]},"8":{"loc":{"start":{"line":47,"column":11},"end":{"line":47,"column":32}},"type":"cond-expr","locations":[{"start":{"line":47,"column":26},"end":{"line":47,"column":30}},{"start":{"line":47,"column":30},"end":{"line":47,"column":32}}]},"9":{"loc":{"start":{"line":47,"column":11},"end":{"line":47,"column":30}},"type":"binary-expr","locations":[{"start":{"line":47,"column":11},"end":{"line":47,"column":30}},{"start":{"line":47,"column":26},"end":{"line":47,"column":30}}]},"10":{"loc":{"start":{"line":93,"column":2},"end":{"line":95,"column":null}},"type":"if","locations":[{"start":{"line":93,"column":2},"end":{"line":95,"column":null}}]},"11":{"loc":{"start":{"line":93,"column":6},"end":{"line":93,"column":35}},"type":"binary-expr","locations":[{"start":{"line":93,"column":6},"end":{"line":93,"column":10}},{"start":{"line":93,"column":14},"end":{"line":93,"column":35}}]},"12":{"loc":{"start":{"line":96,"column":2},"end":{"line":98,"column":null}},"type":"if","locations":[{"start":{"line":96,"column":2},"end":{"line":98,"column":null}}]},"13":{"loc":{"start":{"line":96,"column":6},"end":{"line":96,"column":35}},"type":"binary-expr","locations":[{"start":{"line":96,"column":6},"end":{"line":96,"column":11}},{"start":{"line":96,"column":15},"end":{"line":96,"column":35}}]},"14":{"loc":{"start":{"line":108,"column":2},"end":{"line":110,"column":null}},"type":"if","locations":[{"start":{"line":108,"column":2},"end":{"line":110,"column":null}}]},"15":{"loc":{"start":{"line":119,"column":2},"end":{"line":121,"column":null}},"type":"if","locations":[{"start":{"line":119,"column":2},"end":{"line":121,"column":null}}]},"16":{"loc":{"start":{"line":131,"column":2},"end":{"line":133,"column":null}},"type":"if","locations":[{"start":{"line":131,"column":2},"end":{"line":133,"column":null}}]}},"s":{"0":1,"1":1,"2":1,"3":1,"4":2,"5":2,"6":2,"7":2,"8":2,"9":1,"10":1,"11":1,"12":1,"13":1,"14":1,"15":1,"16":1,"17":0,"18":0,"19":1,"20":0,"21":0,"22":1,"23":0,"24":0,"25":1,"26":2,"27":2,"28":2,"29":1,"30":1,"31":1,"32":1,"33":1,"34":1,"35":1,"36":1,"37":1,"38":1,"39":3,"40":3,"41":0,"42":3,"43":0,"44":3,"45":2,"46":0,"47":0,"48":0,"49":0,"50":1,"51":1,"52":1,"53":0,"54":1,"55":0,"56":0,"57":0,"58":2,"59":0},"f":{"0":2,"1":1,"2":0,"3":0,"4":0,"5":2,"6":1,"7":1,"8":3,"9":2,"10":0,"11":1,"12":0,"13":2},"b":{"0":[0,0],"1":[0,0],"2":[0,0],"3":[0,0],"4":[0,0],"5":[0,0],"6":[0,0],"7":[0,0],"8":[0,0],"9":[0,0],"10":[0],"11":[3,1],"12":[0],"13":[3,2],"14":[0],"15":[0],"16":[0]}}
,"/home/mateus/Área de Trabalho/DRIVEN/Projetos/Fullstack/supermercash/back/src/Utils/ErrorUtils.ts": {"path":"/home/mateus/Área de Trabalho/DRIVEN/Projetos/Fullstack/supermercash/back/src/Utils/ErrorUtils.ts","statementMap":{"0":{"start":{"line":4,"column":2},"end":{"line":4,"column":48}},"1":{"start":{"line":3,"column":0},"end":{"line":3,"column":16}},"2":{"start":{"line":8,"column":2},"end":{"line":8,"column":38}},"3":{"start":{"line":8,"column":27},"end":{"line":8,"column":38}},"4":{"start":{"line":9,"column":2},"end":{"line":9,"column":39}},"5":{"start":{"line":9,"column":28},"end":{"line":9,"column":39}},"6":{"start":{"line":10,"column":2},"end":{"line":10,"column":42}},"7":{"start":{"line":10,"column":31},"end":{"line":10,"column":42}},"8":{"start":{"line":11,"column":2},"end":{"line":11,"column":42}},"9":{"start":{"line":11,"column":31},"end":{"line":11,"column":42}},"10":{"start":{"line":12,"column":2},"end":{"line":12,"column":13}},"11":{"start":{"line":7,"column":0},"end":{"line":7,"column":16}},"12":{"start":{"line":16,"column":2},"end":{"line":16,"column":54}},"13":{"start":{"line":15,"column":0},"end":{"line":15,"column":16}},"14":{"start":{"line":20,"column":2},"end":{"line":20,"column":55}},"15":{"start":{"line":19,"column":0},"end":{"line":19,"column":16}},"16":{"start":{"line":24,"column":2},"end":{"line":24,"column":58}},"17":{"start":{"line":23,"column":0},"end":{"line":23,"column":16}},"18":{"start":{"line":28,"column":2},"end":{"line":28,"column":58}},"19":{"start":{"line":27,"column":0},"end":{"line":27,"column":16}}},"fnMap":{"0":{"name":"isAppError","decl":{"start":{"line":3,"column":16},"end":{"line":3,"column":26}},"loc":{"start":{"line":3,"column":40},"end":{"line":5,"column":1}}},"1":{"name":"errorTypeToStatusCode","decl":{"start":{"line":7,"column":16},"end":{"line":7,"column":37}},"loc":{"start":{"line":7,"column":57},"end":{"line":13,"column":1}}},"2":{"name":"conflictError","decl":{"start":{"line":15,"column":16},"end":{"line":15,"column":29}},"loc":{"start":{"line":15,"column":46},"end":{"line":17,"column":1}}},"3":{"name":"notFoundError","decl":{"start":{"line":19,"column":16},"end":{"line":19,"column":29}},"loc":{"start":{"line":19,"column":46},"end":{"line":21,"column":1}}},"4":{"name":"unauthorizedError","decl":{"start":{"line":23,"column":16},"end":{"line":23,"column":33}},"loc":{"start":{"line":23,"column":50},"end":{"line":25,"column":1}}},"5":{"name":"wrongSchemaError","decl":{"start":{"line":27,"column":16},"end":{"line":27,"column":32}},"loc":{"start":{"line":27,"column":49},"end":{"line":29,"column":1}}}},"branchMap":{"0":{"loc":{"start":{"line":8,"column":2},"end":{"line":8,"column":38}},"type":"if","locations":[{"start":{"line":8,"column":2},"end":{"line":8,"column":38}}]},"1":{"loc":{"start":{"line":9,"column":2},"end":{"line":9,"column":39}},"type":"if","locations":[{"start":{"line":9,"column":2},"end":{"line":9,"column":39}}]},"2":{"loc":{"start":{"line":10,"column":2},"end":{"line":10,"column":42}},"type":"if","locations":[{"start":{"line":10,"column":2},"end":{"line":10,"column":42}}]},"3":{"loc":{"start":{"line":11,"column":2},"end":{"line":11,"column":42}},"type":"if","locations":[{"start":{"line":11,"column":2},"end":{"line":11,"column":42}}]},"4":{"loc":{"start":{"line":16,"column":38},"end":{"line":16,"column":51}},"type":"cond-expr","locations":[{"start":{"line":16,"column":38},"end":{"line":16,"column":45}},{"start":{"line":16,"column":49},"end":{"line":16,"column":51}}]},"5":{"loc":{"start":{"line":16,"column":38},"end":{"line":16,"column":49}},"type":"binary-expr","locations":[{"start":{"line":16,"column":38},"end":{"line":16,"column":49}},{"start":{"line":16,"column":38},"end":{"line":16,"column":49}}]},"6":{"loc":{"start":{"line":20,"column":39},"end":{"line":20,"column":52}},"type":"cond-expr","locations":[{"start":{"line":20,"column":39},"end":{"line":20,"column":46}},{"start":{"line":20,"column":50},"end":{"line":20,"column":52}}]},"7":{"loc":{"start":{"line":20,"column":39},"end":{"line":20,"column":50}},"type":"binary-expr","locations":[{"start":{"line":20,"column":39},"end":{"line":20,"column":50}},{"start":{"line":20,"column":39},"end":{"line":20,"column":50}}]},"8":{"loc":{"start":{"line":24,"column":42},"end":{"line":24,"column":55}},"type":"cond-expr","locations":[{"start":{"line":24,"column":42},"end":{"line":24,"column":49}},{"start":{"line":24,"column":53},"end":{"line":24,"column":55}}]},"9":{"loc":{"start":{"line":24,"column":42},"end":{"line":24,"column":53}},"type":"binary-expr","locations":[{"start":{"line":24,"column":42},"end":{"line":24,"column":53}},{"start":{"line":24,"column":42},"end":{"line":24,"column":53}}]},"10":{"loc":{"start":{"line":28,"column":42},"end":{"line":28,"column":55}},"type":"cond-expr","locations":[{"start":{"line":28,"column":42},"end":{"line":28,"column":49}},{"start":{"line":28,"column":53},"end":{"line":28,"column":55}}]},"11":{"loc":{"start":{"line":28,"column":42},"end":{"line":28,"column":53}},"type":"binary-expr","locations":[{"start":{"line":28,"column":42},"end":{"line":28,"column":53}},{"start":{"line":28,"column":42},"end":{"line":28,"column":53}}]}},"s":{"0":0,"1":1,"2":0,"3":0,"4":0,"5":0,"6":0,"7":0,"8":0,"9":0,"10":0,"11":1,"12":0,"13":1,"14":0,"15":1,"16":0,"17":1,"18":0,"19":1},"f":{"0":0,"1":0,"2":0,"3":0,"4":0,"5":0},"b":{"0":[0],"1":[0],"2":[0],"3":[0],"4":[0,0],"5":[0,0],"6":[0,0],"7":[0,0],"8":[0,0],"9":[0,0],"10":[0,0],"11":[0,0]}}
}
