TN:
SF:Tests/Factories/User/CreateUserFactory.ts
FN:5,CreateRandomUser
FN:15,EncryptPassword
FNF:2
FNH:2
FNDA:2,CreateRandomUser
FNDA:1,EncryptPassword
DA:2,1
DA:3,1
DA:6,2
DA:7,2
DA:16,1
DA:17,1
DA:18,1
DA:36,1
LF:8
LH:8
BRF:0
BRH:0
end_of_record
TN:
SF:src/Database/Prisma.ts
FNF:0
FNH:0
DA:1,1
DA:3,1
DA:4,1
DA:5,1
LF:4
LH:4
BRF:0
BRH:0
end_of_record
TN:
SF:src/Repository/UserRepository.ts
FN:4,insertUser
FN:8,getUserByEmail
FN:12,getUserById
FN:35,loginUser
FN:45,updateUserInfo
FN:66,updateUserImage
FN:81,updateUserAdress
FN:96,updateUserPhone
FNF:8
FNH:0
FNDA:0,insertUser
FNDA:0,getUserByEmail
FNDA:0,getUserById
FNDA:0,loginUser
FNDA:0,updateUserInfo
FNDA:0,updateUserImage
FNDA:0,updateUserAdress
FNDA:0,updateUserPhone
DA:1,1
DA:4,1
DA:5,0
DA:8,1
DA:9,0
DA:12,1
DA:13,0
DA:35,1
DA:40,0
DA:45,1
DA:50,0
DA:66,1
DA:67,0
DA:81,1
DA:82,0
DA:96,1
DA:97,0
LF:17
LH:9
BRF:0
BRH:0
end_of_record
TN:
SF:src/Service/UserService.ts
FN:16,registerUser
FN:25,loginUser
FN:35,GetUserInfos
FN:46,createUser
FN:50,updateUserInfo
FN:55,updateUserImage
FN:62,verifyUserExist
FN:73,verifyUserExistById
FN:81,verifyPassword
FN:91,updateAllUserInfo
FN:99,encryptPassword
FN:105,generateToken
FN:117,generateRefreshToken
FNF:13
FNH:8
FNDA:1,registerUser
FNDA:1,loginUser
FNDA:0,GetUserInfos
FNDA:1,createUser
FNDA:0,updateUserInfo
FNDA:0,updateUserImage
FNDA:2,verifyUserExist
FNDA:0,verifyUserExistById
FNDA:1,verifyPassword
FNDA:0,updateAllUserInfo
FNDA:1,encryptPassword
FNDA:1,generateToken
FNDA:1,generateRefreshToken
DA:2,1
DA:5,1
DA:6,1
DA:12,1
DA:16,1
DA:18,1
DA:19,1
DA:21,1
DA:22,1
DA:25,1
DA:27,1
DA:28,1
DA:29,1
DA:30,1
DA:31,1
DA:32,1
DA:35,1
DA:36,0
DA:37,0
DA:47,1
DA:50,1
DA:51,0
DA:52,0
DA:55,1
DA:56,0
DA:57,0
DA:63,2
DA:64,2
DA:65,0
DA:67,2
DA:68,0
DA:70,2
DA:73,1
DA:74,0
DA:75,0
DA:76,0
DA:78,0
DA:81,1
DA:85,1
DA:86,1
DA:87,0
DA:92,0
DA:93,0
DA:94,0
DA:100,1
DA:101,1
DA:102,1
DA:105,1
DA:106,1
DA:107,1
DA:108,1
DA:115,1
DA:117,1
DA:118,1
DA:119,1
DA:120,1
DA:123,1
LF:57
LH:41
BRDA:38,0,0,0
BRDA:38,0,1,0
BRDA:38,1,0,0
BRDA:38,1,1,0
BRDA:39,2,0,0
BRDA:39,2,1,0
BRDA:39,3,0,0
BRDA:39,3,1,0
BRDA:40,4,0,0
BRDA:40,4,1,0
BRDA:40,5,0,0
BRDA:40,5,1,0
BRDA:41,6,0,0
BRDA:41,6,1,0
BRDA:41,7,0,0
BRDA:41,7,1,0
BRDA:42,8,0,0
BRDA:42,8,1,0
BRDA:42,9,0,0
BRDA:42,9,1,0
BRDA:64,10,0,0
BRDA:64,11,0,2
BRDA:64,11,1,1
BRDA:67,12,0,0
BRDA:67,13,0,2
BRDA:67,13,1,1
BRDA:75,14,0,0
BRDA:86,15,0,0
BRF:28
BRH:4
end_of_record
TN:
SF:src/Utils/ErrorUtils.ts
FN:3,isAppError
FN:7,errorTypeToStatusCode
FN:15,conflictError
FN:19,notFoundError
FN:23,unauthorizedError
FN:27,wrongSchemaError
FNF:6
FNH:0
FNDA:0,isAppError
FNDA:0,errorTypeToStatusCode
FNDA:0,conflictError
FNDA:0,notFoundError
FNDA:0,unauthorizedError
FNDA:0,wrongSchemaError
DA:3,1
DA:4,0
DA:7,1
DA:8,0
DA:9,0
DA:10,0
DA:11,0
DA:12,0
DA:15,1
DA:16,0
DA:19,1
DA:20,0
DA:23,1
DA:24,0
DA:27,1
DA:28,0
LF:16
LH:6
BRDA:8,0,0,0
BRDA:9,1,0,0
BRDA:10,2,0,0
BRDA:11,3,0,0
BRDA:16,4,0,0
BRDA:16,4,1,0
BRDA:16,5,0,0
BRDA:16,5,1,0
BRDA:20,6,0,0
BRDA:20,6,1,0
BRDA:20,7,0,0
BRDA:20,7,1,0
BRDA:24,8,0,0
BRDA:24,8,1,0
BRDA:24,9,0,0
BRDA:24,9,1,0
BRDA:28,10,0,0
BRDA:28,10,1,0
BRDA:28,11,0,0
BRDA:28,11,1,0
BRF:20
BRH:0
end_of_record
