TN:
SF:Tests/Factories/Delete/DeleteFactories.ts
FN:3,deleteAllData
FNF:1
FNH:1
FNDA:3,deleteAllData
DA:1,1
DA:4,3
DA:10,1
LF:3
LH:3
BRF:0
BRH:0
end_of_record
TN:
SF:Tests/Factories/User/CreateUserFactory.ts
FN:4,CreateRandomUser
FNF:1
FNH:1
FNDA:2,CreateRandomUser
DA:2,1
DA:5,2
DA:6,2
DA:29,1
LF:4
LH:4
BRF:0
BRH:0
end_of_record
TN:
SF:src/Index.ts
FNF:0
FNH:0
DA:1,1
DA:2,1
DA:3,1
DA:4,1
DA:5,1
DA:7,1
DA:8,1
DA:9,1
DA:10,1
DA:11,1
DA:13,1
LF:11
LH:11
BRF:0
BRH:0
end_of_record
TN:
SF:src/Controller/CartController.ts
FN:4,GetCartValue
FN:10,GetCartQuantifyProducts
FNF:2
FNH:0
FNDA:0,GetCartValue
FNDA:0,GetCartQuantifyProducts
DA:1,1
DA:4,1
DA:5,0
DA:6,0
DA:7,0
DA:10,1
DA:11,0
DA:12,0
DA:15,0
LF:9
LH:3
BRF:0
BRH:0
end_of_record
TN:
SF:src/Controller/PaymentController.ts
FN:5,CreatePayment
FNF:1
FNH:0
FNDA:0,CreatePayment
DA:1,1
DA:5,1
DA:6,0
DA:7,0
DA:8,0
DA:9,0
LF:6
LH:2
BRF:0
BRH:0
end_of_record
TN:
SF:src/Controller/ProductsController.ts
FN:4,GetAllProducts
FN:9,AddProduct
FN:16,RemoveOneProduct
FN:23,RemoveAllProducts
FN:29,getQuantifyByProduct
FN:36,GetQuantifyProductisHistoric
FNF:6
FNH:0
FNDA:0,GetAllProducts
FNDA:0,AddProduct
FNDA:0,RemoveOneProduct
FNDA:0,RemoveAllProducts
FNDA:0,getQuantifyByProduct
FNDA:0,GetQuantifyProductisHistoric
DA:1,1
DA:4,1
DA:5,0
DA:6,0
DA:9,1
DA:10,0
DA:11,0
DA:12,0
DA:13,0
DA:16,1
DA:17,0
DA:18,0
DA:19,0
DA:20,0
DA:23,1
DA:24,0
DA:25,0
DA:26,0
DA:29,1
DA:30,0
DA:31,0
DA:32,0
DA:33,0
DA:36,1
DA:37,0
DA:38,0
DA:41,0
LF:27
LH:7
BRF:0
BRH:0
end_of_record
TN:
SF:src/Controller/UserController.ts
FN:7,RegisterUser
FN:13,LoginUser
FN:19,GetUserInfos
FN:26,UpdateUsersInfo
FN:33,UpdateUserImage
FNF:5
FNH:2
FNDA:2,RegisterUser
FNDA:1,LoginUser
FNDA:0,GetUserInfos
FNDA:0,UpdateUsersInfo
FNDA:0,UpdateUserImage
DA:1,1
DA:7,1
DA:8,2
DA:9,2
DA:10,2
DA:13,1
DA:14,1
DA:15,1
DA:16,1
DA:19,1
DA:20,0
DA:21,0
DA:22,0
DA:23,0
DA:26,1
DA:27,0
DA:28,0
DA:29,0
DA:30,0
DA:33,1
DA:34,0
DA:35,0
DA:36,0
DA:37,0
LF:24
LH:12
BRF:0
BRH:0
end_of_record
TN:
SF:src/Database/Prisma.ts
FNF:0
FNH:0
DA:1,1
DA:3,1
DA:4,1
DA:5,1
LF:4
LH:4
BRF:0
BRH:0
end_of_record
TN:
SF:src/Middlewares/ErrorHandlerMiddleware.ts
FN:5,errorHandlerMiddleware
FNF:1
FNH:0
FNDA:0,errorHandlerMiddleware
DA:3,1
DA:5,1
DA:11,0
DA:13,0
DA:14,0
DA:17,0
LF:6
LH:2
BRDA:13,0,0,0
BRF:1
BRH:0
end_of_record
TN:
SF:src/Middlewares/ValidateSchemaMiddleware.ts
FN:3,validateSchema
FN:4,(anonymous_1)
FN:9,(anonymous_2)
FNF:3
FNH:2
FNDA:5,validateSchema
FNDA:3,(anonymous_1)
FNDA:0,(anonymous_2)
DA:3,1
DA:4,5
DA:5,3
DA:6,3
DA:7,0
DA:9,0
DA:12,3
LF:7
LH:5
BRDA:6,0,0,0
BRF:1
BRH:0
end_of_record
TN:
SF:src/Middlewares/ValidateToken.ts
FN:9,validatingToken
FNF:1
FNH:0
FNDA:0,validatingToken
DA:1,1
DA:2,1
DA:3,1
DA:4,1
DA:6,1
DA:7,1
DA:9,1
DA:14,0
DA:15,0
DA:16,0
DA:17,0
DA:19,0
DA:20,0
DA:21,0
DA:24,0
DA:28,0
DA:29,0
DA:31,0
DA:32,0
DA:35,0
DA:36,0
DA:38,0
DA:39,0
DA:40,0
DA:43,0
DA:44,0
DA:46,0
DA:60,0
DA:61,0
DA:62,0
DA:64,0
LF:31
LH:7
BRDA:15,0,0,0
BRDA:15,0,1,0
BRDA:15,1,0,0
BRDA:15,1,1,0
BRDA:16,2,0,0
BRDA:35,3,0,0
BRF:6
BRH:0
end_of_record
TN:
SF:src/Repository/CartRepository.ts
FN:3,getCartByUser
FN:13,getSupermarkets
FN:18,getPriceBySupermarket
FN:31,getCartProductsQuantify
FNF:4
FNH:0
FNDA:0,getCartByUser
FNDA:0,getSupermarkets
FNDA:0,getPriceBySupermarket
FNDA:0,getCartProductsQuantify
DA:1,1
DA:3,1
DA:4,0
DA:10,0
DA:13,1
DA:14,0
DA:15,0
DA:18,1
DA:22,0
DA:28,0
DA:31,1
DA:32,0
DA:35,0
LF:13
LH:5
BRF:0
BRH:0
end_of_record
TN:
SF:src/Repository/PaymentRepository.ts
FN:4,createPayment
FN:14,deletePurchases
FNF:2
FNH:0
FNDA:0,createPayment
FNDA:0,deletePurchases
DA:1,1
DA:4,1
DA:5,0
DA:14,1
DA:15,0
LF:5
LH:3
BRF:0
BRH:0
end_of_record
TN:
SF:src/Repository/ProductsRepository.ts
FN:3,getAllProducts
FN:11,addProduct
FN:17,getFirstProduct
FN:24,removeOneProduct
FN:32,removeAllProducts
FN:36,getProductIdByName
FN:41,getQuantifyByProduct
FN:49,getQuantifyProductisHistoric
FNF:8
FNH:0
FNDA:0,getAllProducts
FNDA:0,addProduct
FNDA:0,getFirstProduct
FNDA:0,removeOneProduct
FNDA:0,removeAllProducts
FNDA:0,getProductIdByName
FNDA:0,getQuantifyByProduct
FNDA:0,getQuantifyProductisHistoric
DA:1,1
DA:3,1
DA:4,0
DA:8,0
DA:11,1
DA:12,0
DA:17,1
DA:18,0
DA:21,0
DA:24,1
DA:25,0
DA:32,1
DA:33,0
DA:36,1
DA:37,0
DA:38,0
DA:41,1
DA:42,0
DA:46,0
DA:49,1
DA:50,0
DA:57,0
LF:22
LH:9
BRF:0
BRH:0
end_of_record
TN:
SF:src/Repository/UserRepository.ts
FN:4,insertUser
FN:8,getUserByEmail
FN:12,getUserById
FN:35,loginUser
FN:45,updateUserInfo
FN:66,updateUserImage
FN:81,updateUserAdress
FN:96,updateUserPhone
FNF:8
FNH:3
FNDA:2,insertUser
FNDA:3,getUserByEmail
FNDA:0,getUserById
FNDA:1,loginUser
FNDA:0,updateUserInfo
FNDA:0,updateUserImage
FNDA:0,updateUserAdress
FNDA:0,updateUserPhone
DA:1,1
DA:4,1
DA:5,2
DA:8,1
DA:9,3
DA:12,1
DA:13,0
DA:35,1
DA:40,1
DA:45,1
DA:50,0
DA:66,1
DA:67,0
DA:81,1
DA:82,0
DA:96,1
DA:97,0
LF:17
LH:12
BRF:0
BRH:0
end_of_record
TN:
SF:src/Routers/CartRouter.ts
FNF:0
FNH:0
DA:1,1
DA:2,1
DA:6,1
DA:8,1
DA:10,1
DA:11,1
DA:13,1
LF:7
LH:7
BRF:0
BRH:0
end_of_record
TN:
SF:src/Routers/PaymentRouter.ts
FNF:0
FNH:0
DA:1,1
DA:2,1
DA:3,1
DA:4,1
DA:5,1
DA:7,1
DA:9,1
DA:16,1
LF:8
LH:8
BRF:0
BRH:0
end_of_record
TN:
SF:src/Routers/ProductsRouter.ts
FNF:0
FNH:0
DA:1,1
DA:2,1
DA:10,1
DA:12,1
DA:14,1
DA:15,1
DA:16,1
DA:21,1
DA:22,1
DA:27,1
DA:33,1
LF:11
LH:11
BRF:0
BRH:0
end_of_record
TN:
SF:src/Routers/UserRouter.ts
FNF:0
FNH:0
DA:1,1
DA:2,1
DA:9,1
DA:10,1
DA:11,1
DA:12,1
DA:13,1
DA:14,1
DA:16,1
DA:18,1
DA:19,1
DA:20,1
DA:21,1
DA:27,1
DA:34,1
LF:15
LH:15
BRF:0
BRH:0
end_of_record
TN:
SF:src/Routers/index.ts
FNF:0
FNH:0
DA:1,1
DA:2,1
DA:3,1
DA:4,1
DA:5,1
DA:7,1
DA:9,1
DA:10,1
DA:11,1
DA:12,1
DA:14,1
LF:11
LH:11
BRF:0
BRH:0
end_of_record
TN:
SF:src/Schemas/LoginSchema.ts
FNF:0
FNH:0
DA:1,1
DA:3,1
DA:12,1
LF:3
LH:3
BRF:0
BRH:0
end_of_record
TN:
SF:src/Schemas/PaymentSchema.ts
FNF:0
FNH:0
DA:1,1
DA:3,1
DA:12,1
LF:3
LH:3
BRF:0
BRH:0
end_of_record
TN:
SF:src/Schemas/RegisterSchema.ts
FNF:0
FNH:0
DA:1,1
DA:3,1
DA:18,1
LF:3
LH:3
BRF:0
BRH:0
end_of_record
TN:
SF:src/Schemas/UpdateUserImageSchema.ts
FNF:0
FNH:0
DA:1,1
DA:3,1
DA:7,1
LF:3
LH:3
BRF:0
BRH:0
end_of_record
TN:
SF:src/Schemas/UpdateUserSchema.ts
FNF:0
FNH:0
DA:1,1
DA:3,1
DA:10,1
LF:3
LH:3
BRF:0
BRH:0
end_of_record
TN:
SF:src/Service/CartService.ts
FN:4,getPurchaseValue
FN:12,orderValuesCarts
FN:32,getAllCartValue
FN:34,(anonymous_19)
FN:34,(anonymous_20)
FN:38,(anonymous_21)
FN:43,(anonymous_22)
FN:61,getCartProductsQuantify
FNF:8
FNH:0
FNDA:0,getPurchaseValue
FNDA:0,orderValuesCarts
FNDA:0,getAllCartValue
FNDA:0,(anonymous_19)
FNDA:0,(anonymous_20)
FNDA:0,(anonymous_21)
FNDA:0,(anonymous_22)
FNDA:0,getCartProductsQuantify
DA:2,1
DA:4,1
DA:5,0
DA:6,0
DA:7,0
DA:8,0
DA:9,0
DA:13,0
DA:14,0
DA:15,0
DA:16,0
DA:19,0
DA:21,0
DA:22,0
DA:23,0
DA:24,0
DA:25,0
DA:29,0
DA:33,0
DA:34,0
DA:35,0
DA:36,0
DA:43,0
DA:44,0
DA:48,0
DA:52,0
DA:58,0
DA:61,1
DA:62,0
DA:65,0
DA:66,0
LF:31
LH:3
BRDA:23,0,0,0
BRF:1
BRH:0
end_of_record
TN:
SF:src/Service/PaymentService.ts
FN:8,makePayment
FN:16,verifyCartIsEmpy
FNF:2
FNH:0
FNDA:0,makePayment
FNDA:0,verifyCartIsEmpy
DA:2,1
DA:3,1
DA:5,1
DA:6,1
DA:8,1
DA:9,0
DA:10,0
DA:11,0
DA:12,0
DA:13,0
DA:17,0
DA:18,0
LF:12
LH:5
BRDA:17,0,0,0
BRF:1
BRH:0
end_of_record
TN:
SF:src/Service/ProductsService.ts
FN:11,getAllProducts
FN:15,getQuantifyProductisHistoric
FN:27,addProduct
FN:32,removeOneProduct
FN:42,removeAllProducts
FN:46,getQuantifyByProduct
FN:55,verifyProductExistInCart
FNF:7
FNH:0
FNDA:0,getAllProducts
FNDA:0,getQuantifyProductisHistoric
FNDA:0,addProduct
FNDA:0,removeOneProduct
FNDA:0,removeAllProducts
FNDA:0,getQuantifyByProduct
FNDA:0,verifyProductExistInCart
DA:2,1
DA:3,1
DA:11,1
DA:12,0
DA:13,0
DA:15,1
DA:16,0
DA:19,0
DA:20,0
DA:21,0
DA:24,0
DA:27,1
DA:28,0
DA:29,0
DA:32,1
DA:33,0
DA:34,0
DA:38,0
DA:39,0
DA:42,1
DA:43,0
DA:46,1
DA:47,0
DA:48,0
DA:52,0
DA:56,0
DA:57,0
LF:27
LH:8
BRDA:19,0,0,0
BRDA:56,1,0,0
BRF:2
BRH:0
end_of_record
TN:
SF:src/Service/UserService.ts
FN:16,registerUser
FN:25,loginUser
FN:35,GetUserInfos
FN:46,createUser
FN:50,updateUserInfo
FN:55,updateUserImage
FN:62,verifyUserExist
FN:73,verifyUserExistById
FN:81,verifyPassword
FN:91,updateAllUserInfo
FN:99,encryptPassword
FN:105,generateToken
FN:117,generateRefreshToken
FNF:13
FNH:8
FNDA:2,registerUser
FNDA:1,loginUser
FNDA:0,GetUserInfos
FNDA:2,createUser
FNDA:0,updateUserInfo
FNDA:0,updateUserImage
FNDA:3,verifyUserExist
FNDA:0,verifyUserExistById
FNDA:1,verifyPassword
FNDA:0,updateAllUserInfo
FNDA:2,encryptPassword
FNDA:1,generateToken
FNDA:1,generateRefreshToken
DA:2,1
DA:5,1
DA:6,1
DA:12,1
DA:16,1
DA:18,2
DA:19,2
DA:21,2
DA:22,2
DA:25,1
DA:27,1
DA:28,1
DA:29,1
DA:30,1
DA:31,1
DA:32,1
DA:35,1
DA:36,0
DA:37,0
DA:47,2
DA:50,1
DA:51,0
DA:52,0
DA:55,1
DA:56,0
DA:57,0
DA:63,3
DA:64,3
DA:65,0
DA:67,3
DA:68,0
DA:70,3
DA:73,1
DA:74,0
DA:75,0
DA:76,0
DA:78,0
DA:81,1
DA:85,1
DA:86,1
DA:87,0
DA:92,0
DA:93,0
DA:94,0
DA:100,2
DA:101,2
DA:102,2
DA:105,1
DA:106,1
DA:107,1
DA:108,1
DA:115,1
DA:117,1
DA:118,1
DA:119,1
DA:120,1
DA:123,1
LF:57
LH:41
BRDA:38,0,0,0
BRDA:38,0,1,0
BRDA:38,1,0,0
BRDA:38,1,1,0
BRDA:39,2,0,0
BRDA:39,2,1,0
BRDA:39,3,0,0
BRDA:39,3,1,0
BRDA:40,4,0,0
BRDA:40,4,1,0
BRDA:40,5,0,0
BRDA:40,5,1,0
BRDA:41,6,0,0
BRDA:41,6,1,0
BRDA:41,7,0,0
BRDA:41,7,1,0
BRDA:42,8,0,0
BRDA:42,8,1,0
BRDA:42,9,0,0
BRDA:42,9,1,0
BRDA:64,10,0,0
BRDA:64,11,0,3
BRDA:64,11,1,1
BRDA:67,12,0,0
BRDA:67,13,0,3
BRDA:67,13,1,2
BRDA:75,14,0,0
BRDA:86,15,0,0
BRF:28
BRH:4
end_of_record
TN:
SF:src/Utils/ErrorUtils.ts
FN:3,isAppError
FN:7,errorTypeToStatusCode
FN:15,conflictError
FN:19,notFoundError
FN:23,unauthorizedError
FN:27,wrongSchemaError
FNF:6
FNH:0
FNDA:0,isAppError
FNDA:0,errorTypeToStatusCode
FNDA:0,conflictError
FNDA:0,notFoundError
FNDA:0,unauthorizedError
FNDA:0,wrongSchemaError
DA:3,1
DA:4,0
DA:7,1
DA:8,0
DA:9,0
DA:10,0
DA:11,0
DA:12,0
DA:15,1
DA:16,0
DA:19,1
DA:20,0
DA:23,1
DA:24,0
DA:27,1
DA:28,0
LF:16
LH:6
BRDA:8,0,0,0
BRDA:9,1,0,0
BRDA:10,2,0,0
BRDA:11,3,0,0
BRDA:16,4,0,0
BRDA:16,4,1,0
BRDA:16,5,0,0
BRDA:16,5,1,0
BRDA:20,6,0,0
BRDA:20,6,1,0
BRDA:20,7,0,0
BRDA:20,7,1,0
BRDA:24,8,0,0
BRDA:24,8,1,0
BRDA:24,9,0,0
BRDA:24,9,1,0
BRDA:28,10,0,0
BRDA:28,10,1,0
BRDA:28,11,0,0
BRDA:28,11,1,0
BRF:20
BRH:0
end_of_record
